[debug] [2023-01-19T13:31:31.080Z] ----------------------------------------------------------------------
[debug] [2023-01-19T13:31:31.081Z] Command:       /usr/local/bin/node /usr/local/bin/firebase emulators:start
[debug] [2023-01-19T13:31:31.082Z] CLI Version:   11.1.0
[debug] [2023-01-19T13:31:31.082Z] Platform:      darwin
[debug] [2023-01-19T13:31:31.082Z] Node Version:  v16.14.2
[debug] [2023-01-19T13:31:31.083Z] Time:          Thu Jan 19 2023 08:31:31 GMT-0500 (Eastern Standard Time)
[debug] [2023-01-19T13:31:31.083Z] ----------------------------------------------------------------------
[debug] 
[debug] [2023-01-19T13:31:31.128Z] > command requires scopes: ["email","openid","https://www.googleapis.com/auth/cloudplatformprojects.readonly","https://www.googleapis.com/auth/firebase","https://www.googleapis.com/auth/cloud-platform"]
[debug] [2023-01-19T13:31:31.129Z] > authorizing via signed-in user (doubletriangle880@gmail.com)
[debug] [2023-01-19T13:31:31.193Z] java version "12.0.2" 2019-07-16

[debug] [2023-01-19T13:31:31.194Z] Java(TM) SE Runtime Environment (build 12.0.2+10)
Java HotSpot(TM) 64-Bit Server VM (build 12.0.2+10, mixed mode, sharing)

[debug] [2023-01-19T13:31:31.197Z] Parsed Java major version: 12
[info] i  emulators: Starting emulators: auth, functions, firestore, hosting, pubsub, storage {"metadata":{"emulator":{"name":"hub"},"message":"Starting emulators: auth, functions, firestore, hosting, pubsub, storage"}}
[debug] [2023-01-19T13:31:31.227Z] [hub] writing locator at /var/folders/lq/55q0j4g50y71ygjzmvt3rtbw0000gn/T/hub-insidesalesapi.json
[warn] ⚠  functions: The following emulators are not running, calls to these services from the Functions emulator will affect production: database {"metadata":{"emulator":{"name":"functions"},"message":"The following emulators are not running, calls to these services from the Functions emulator will affect production: \u001b[1mdatabase\u001b[22m"}}
[info] ✔  functions: Using node@16 from host. {"metadata":{"emulator":{"name":"functions"},"message":"Using node@16 from host."}}
[debug] [2023-01-19T13:31:31.243Z] defaultcredentials: writing to file /Users/ryanrieben/.config/firebase/doubletriangle880_gmail_com_application_default_credentials.json
[debug] [2023-01-19T13:31:31.246Z] Setting GAC to /Users/ryanrieben/.config/firebase/doubletriangle880_gmail_com_application_default_credentials.json {"metadata":{"emulator":{"name":"functions"},"message":"Setting GAC to /Users/ryanrieben/.config/firebase/doubletriangle880_gmail_com_application_default_credentials.json"}}
[debug] [2023-01-19T13:31:31.248Z] >>> [apiv2][query] GET https://firebase.googleapis.com/v1beta1/projects/insidesalesapi/adminSdkConfig [none]
[debug] [2023-01-19T13:31:31.517Z] <<< [apiv2][status] GET https://firebase.googleapis.com/v1beta1/projects/insidesalesapi/adminSdkConfig 200
[debug] [2023-01-19T13:31:31.517Z] <<< [apiv2][body] GET https://firebase.googleapis.com/v1beta1/projects/insidesalesapi/adminSdkConfig {"projectId":"insidesalesapi","storageBucket":"insidesalesapi.appspot.com","locationId":"us-central"}
[debug] [2023-01-19T13:31:31.556Z] Ignoring unsupported arg: projectId {"metadata":{"emulator":{"name":"firestore"},"message":"Ignoring unsupported arg: projectId"}}
[debug] [2023-01-19T13:31:31.556Z] Ignoring unsupported arg: auto_download {"metadata":{"emulator":{"name":"firestore"},"message":"Ignoring unsupported arg: auto_download"}}
[debug] [2023-01-19T13:31:31.556Z] Starting Firestore Emulator with command {"binary":"java","args":["-Dgoogle.cloud_firestore.debug_log_level=FINE","-Duser.language=en","-jar","/Users/ryanrieben/.cache/firebase/emulators/cloud-firestore-emulator-v1.14.3.jar","--host","localhost","--port",8080,"--rules","/Users/ryanrieben/Desktop/BMS-Inside-SalesApp-1/firestore.rules","--functions_emulator","localhost:5001"],"optionalArgs":["port","webchannel_port","host","rules","functions_emulator","seed_from_export"],"joinArgs":false} {"metadata":{"emulator":{"name":"firestore"},"message":"Starting Firestore Emulator with command {\"binary\":\"java\",\"args\":[\"-Dgoogle.cloud_firestore.debug_log_level=FINE\",\"-Duser.language=en\",\"-jar\",\"/Users/ryanrieben/.cache/firebase/emulators/cloud-firestore-emulator-v1.14.3.jar\",\"--host\",\"localhost\",\"--port\",8080,\"--rules\",\"/Users/ryanrieben/Desktop/BMS-Inside-SalesApp-1/firestore.rules\",\"--functions_emulator\",\"localhost:5001\"],\"optionalArgs\":[\"port\",\"webchannel_port\",\"host\",\"rules\",\"functions_emulator\",\"seed_from_export\"],\"joinArgs\":false}"}}
[info] i  firestore: Firestore Emulator logging to firestore-debug.log {"metadata":{"emulator":{"name":"firestore"},"message":"Firestore Emulator logging to \u001b[1mfirestore-debug.log\u001b[22m"}}
[debug] [2023-01-19T13:31:32.963Z] Jan 19, 2023 8:31:32 AM com.google.cloud.datastore.emulator.firestore.websocket.WebSocketServer start
INFO: Started WebSocket server on ws://localhost:52570
 {"metadata":{"emulator":{"name":"firestore"},"message":"Jan 19, 2023 8:31:32 AM com.google.cloud.datastore.emulator.firestore.websocket.WebSocketServer start\nINFO: Started WebSocket server on ws://localhost:52570\n"}}
[debug] [2023-01-19T13:31:32.995Z] API endpoint: http:// {"metadata":{"emulator":{"name":"firestore"},"message":"API endpoint: http://"}}
[debug] [2023-01-19T13:31:32.995Z] localhost:8080
If you are using a library that supports the FIRESTORE_EMULATOR_HOST environment variable, run:

   export FIRESTORE_EMULATOR_HOST=localhost:8080

Dev App Server is now running.

 {"metadata":{"emulator":{"name":"firestore"},"message":"localhost:8080\nIf you are using a library that supports the FIRESTORE_EMULATOR_HOST environment variable, run:\n\n   export FIRESTORE_EMULATOR_HOST=localhost:8080\n\nDev App Server is now running.\n\n"}}
[debug] [2023-01-19T13:31:38.952Z] Ignoring unsupported arg: projectId {"metadata":{"emulator":{"name":"pubsub"},"message":"Ignoring unsupported arg: projectId"}}
[debug] [2023-01-19T13:31:38.952Z] Ignoring unsupported arg: auto_download {"metadata":{"emulator":{"name":"pubsub"},"message":"Ignoring unsupported arg: auto_download"}}
[debug] [2023-01-19T13:31:38.952Z] Starting Pub/Sub Emulator with command {"binary":"/Users/ryanrieben/.cache/firebase/emulators/pubsub-emulator-0.1.0/pubsub-emulator/bin/cloud-pubsub-emulator","args":["--host=localhost","--port=8085"],"optionalArgs":["port","host"],"joinArgs":true} {"metadata":{"emulator":{"name":"pubsub"},"message":"Starting Pub/Sub Emulator with command {\"binary\":\"/Users/ryanrieben/.cache/firebase/emulators/pubsub-emulator-0.1.0/pubsub-emulator/bin/cloud-pubsub-emulator\",\"args\":[\"--host=localhost\",\"--port=8085\"],\"optionalArgs\":[\"port\",\"host\"],\"joinArgs\":true}"}}
[info] i  pubsub: Pub/Sub Emulator logging to pubsub-debug.log {"metadata":{"emulator":{"name":"pubsub"},"message":"Pub/Sub Emulator logging to \u001b[1mpubsub-debug.log\u001b[22m"}}
[debug] [2023-01-19T13:31:39.123Z] This is the Google Pub/Sub fake.
Implementation may be incomplete or differ from the real system. {"metadata":{"emulator":{"name":"pubsub"},"message":"This is the Google Pub/Sub fake.\nImplementation may be incomplete or differ from the real system."}}
[debug] [2023-01-19T13:31:39.123Z] 
 {"metadata":{"emulator":{"name":"pubsub"},"message":"\n"}}
[debug] [2023-01-19T13:31:39.152Z] Jan 19, 2023 8:31:39 AM com.google.cloud.pubsub.testing.v1.Main main
INFO: IAM integration is disabled. IAM policy methods and ACL checks are not supported
 {"metadata":{"emulator":{"name":"pubsub"},"message":"Jan 19, 2023 8:31:39 AM com.google.cloud.pubsub.testing.v1.Main main\nINFO: IAM integration is disabled. IAM policy methods and ACL checks are not supported\n"}}
[debug] [2023-01-19T13:31:39.630Z] Jan 19, 2023 8:31:39 AM io.gapi.emulators.netty.NettyUtil applyJava7LongHostnameWorkaround
INFO: Unable to apply Java 7 long hostname workaround.
 {"metadata":{"emulator":{"name":"pubsub"},"message":"Jan 19, 2023 8:31:39 AM io.gapi.emulators.netty.NettyUtil applyJava7LongHostnameWorkaround\nINFO: Unable to apply Java 7 long hostname workaround.\n"}}
[debug] [2023-01-19T13:31:39.720Z] Jan 19, 2023 8:31:39 AM com.google.cloud.pubsub.testing.v1.Main main
INFO: Server started, listening on 8085
 {"metadata":{"emulator":{"name":"pubsub"},"message":"Jan 19, 2023 8:31:39 AM com.google.cloud.pubsub.testing.v1.Main main\nINFO: Server started, listening on 8085\n"}}
[debug] [2023-01-19T13:31:39.972Z] Ignoring unsupported arg: port {"metadata":{"emulator":{"name":"storage"},"message":"Ignoring unsupported arg: port"}}
[debug] [2023-01-19T13:31:40.070Z] Jan 19, 2023 8:31:40 AM io.gapi.emulators.grpc.GrpcServer$3 operationComplete
INFO: Adding handler(s) to newly registered Channel.
 {"metadata":{"emulator":{"name":"pubsub"},"message":"Jan 19, 2023 8:31:40 AM io.gapi.emulators.grpc.GrpcServer$3 operationComplete\nINFO: Adding handler(s) to newly registered Channel.\n"}}
[debug] [2023-01-19T13:31:40.873Z] Temp file directory for storage emulator: /var/folders/lq/55q0j4g50y71ygjzmvt3rtbw0000gn/T/firebase/storage/blobs {"metadata":{"emulator":{"name":"storage"},"message":"Temp file directory for storage emulator: /var/folders/lq/55q0j4g50y71ygjzmvt3rtbw0000gn/T/firebase/storage/blobs"}}
[debug] [2023-01-19T13:31:41.136Z] >>> [apiv2][query] GET https://firebasehosting.googleapis.com/v1beta1/projects/insidesalesapi/sites 
[debug] [2023-01-19T13:31:41.690Z] <<< [apiv2][status] GET https://firebasehosting.googleapis.com/v1beta1/projects/insidesalesapi/sites 200
[debug] [2023-01-19T13:31:41.690Z] <<< [apiv2][body] GET https://firebasehosting.googleapis.com/v1beta1/projects/insidesalesapi/sites {"sites":[{"name":"projects/insidesalesapi/sites/insidesales-host","defaultUrl":"https://insidesales-host.web.app","type":"USER_SITE"},{"name":"projects/insidesalesapi/sites/insidesalesapi","defaultUrl":"https://insidesalesapi.web.app","appId":"1:491724602022:web:2e1b0c8449d0b212b31267","type":"DEFAULT_SITE"}]}
[debug] [2023-01-19T13:31:41.690Z] >>> [apiv2][query] GET https://firebase.googleapis.com/v1beta1/projects/insidesalesapi/webApps/1:491724602022:web:2e1b0c8449d0b212b31267/config [none]
[debug] [2023-01-19T13:31:42.077Z] <<< [apiv2][status] GET https://firebase.googleapis.com/v1beta1/projects/insidesalesapi/webApps/1:491724602022:web:2e1b0c8449d0b212b31267/config 200
[debug] [2023-01-19T13:31:42.078Z] <<< [apiv2][body] GET https://firebase.googleapis.com/v1beta1/projects/insidesalesapi/webApps/1:491724602022:web:2e1b0c8449d0b212b31267/config {"projectId":"insidesalesapi","appId":"1:491724602022:web:2e1b0c8449d0b212b31267","storageBucket":"insidesalesapi.appspot.com","locationId":"us-central","apiKey":"AIzaSyBWe_LKvR_EOjbu6mjcDJKFYjohoabNyAM","authDomain":"insidesalesapi.firebaseapp.com","messagingSenderId":"491724602022","measurementId":"G-0ZNE7FLYLS"}
[info] i  hosting[public]: Serving hosting files from: dist/inside_sales_app {"metadata":{"emulator":{"name":"hosting"},"message":"Serving hosting files from: \u001b[1mdist/inside_sales_app\u001b[22m"}}
[info] ✔  hosting[public]: Local server: http://localhost:5000 {"metadata":{"emulator":{"name":"hosting"},"message":"Local server: \u001b[4m\u001b[1mhttp://localhost:5000\u001b[22m\u001b[24m"}}
[debug] [2023-01-19T13:31:42.460Z] Ignoring unsupported arg: auto_download {"metadata":{"emulator":{"name":"ui"},"message":"Ignoring unsupported arg: auto_download"}}
[debug] [2023-01-19T13:31:42.460Z] Ignoring unsupported arg: port {"metadata":{"emulator":{"name":"ui"},"message":"Ignoring unsupported arg: port"}}
[debug] [2023-01-19T13:31:42.460Z] Starting Emulator UI with command {"binary":"node","args":["--dns-result-order=ipv4first","/Users/ryanrieben/.cache/firebase/emulators/ui-v1.7.0/server.bundle.js"],"optionalArgs":[],"joinArgs":false} {"metadata":{"emulator":{"name":"ui"},"message":"Starting Emulator UI with command {\"binary\":\"node\",\"args\":[\"--dns-result-order=ipv4first\",\"/Users/ryanrieben/.cache/firebase/emulators/ui-v1.7.0/server.bundle.js\"],\"optionalArgs\":[],\"joinArgs\":false}"}}
[info] i  ui: Emulator UI logging to ui-debug.log {"metadata":{"emulator":{"name":"ui"},"message":"Emulator UI logging to \u001b[1mui-debug.log\u001b[22m"}}
[debug] [2023-01-19T13:31:42.569Z] Web / API server started at localhost:4000
 {"metadata":{"emulator":{"name":"ui"},"message":"Web / API server started at localhost:4000\n"}}
[info] i  functions: Watching "/Users/ryanrieben/Desktop/BMS-Inside-SalesApp-1/functions" for Cloud Functions... {"metadata":{"emulator":{"name":"functions"},"message":"Watching \"/Users/ryanrieben/Desktop/BMS-Inside-SalesApp-1/functions\" for Cloud Functions..."}}
[debug] [2023-01-19T13:31:42.726Z] Validating nodejs source
[warn] ⚠  functions: package.json indicates an outdated version of firebase-functions. Please upgrade using npm install --save firebase-functions@latest in your functions directory. 
[warn] ⚠  functions: Please note that there will be breaking changes when you upgrade. 
[debug] [2023-01-19T13:31:43.825Z] > [functions] package.json contents: {
  "name": "functions",
  "description": "Cloud Functions for Firebase",
  "scripts": {
    "lint": "eslint",
    "serve": "firebase emulators:start --only functions",
    "shell": "firebase functions:shell",
    "start": "npm run shell",
    "deploy": "firebase deploy --only functions",
    "logs": "firebase functions:log"
  },
  "engines": {
    "node": "16"
  },
  "main": "index.js",
  "dependencies": {
    "convert-csv-to-json": "^1.3.3",
    "firebase-admin": "^10.0.2",
    "firebase-functions": "^3.18.0",
    "twilio": "^3.81.0"
  },
  "devDependencies": {
    "eslint": "^8.9.0",
    "eslint-config-google": "^0.14.0",
    "firebase-functions-test": "^0.2.0"
  },
  "private": true
}
[debug] [2023-01-19T13:31:43.825Z] Building nodejs source
[debug] [2023-01-19T13:31:43.825Z] Analyzing nodejs backend spec
[debug] [2023-01-19T13:31:43.827Z] Could not find functions.yaml. Must use http discovery
[debug] [2023-01-19T13:31:43.964Z] Serving at port 9005

[debug] [2023-01-19T13:31:44.098Z] Got response from /__/functions.yaml {"endpoints":{"sendText":{"platform":"gcfv1","labels":{},"callableTrigger":{},"entryPoint":"sendText"},"receiveText":{"platform":"gcfv1","httpsTrigger":{},"entryPoint":"receiveText"},"generateToken":{"platform":"gcfv1","labels":{},"callableTrigger":{},"entryPoint":"generateToken"},"twilioCompletedCall":{"platform":"gcfv1","httpsTrigger":{},"entryPoint":"twilioCompletedCall"},"twilioCallEndpoint":{"platform":"gcfv1","httpsTrigger":{},"entryPoint":"twilioCallEndpoint"},"test":{"platform":"gcfv1","labels":{},"callableTrigger":{},"entryPoint":"test"},"makePhoneCall":{"platform":"gcfv1","labels":{},"callableTrigger":{},"entryPoint":"makePhoneCall"},"createNewUser":{"platform":"gcfv1","labels":{},"callableTrigger":{},"entryPoint":"createNewUser"},"csvToJson":{"platform":"gcfv1","labels":{},"callableTrigger":{},"entryPoint":"csvToJson"},"helloWorld":{"platform":"gcfv1","httpsTrigger":{},"entryPoint":"helloWorld"}},"specVersion":"v1alpha1","requiredAPIs":[]}
[debug] [2023-01-19T13:31:44.103Z] shutdown requested via /__/quitquitquit

[info] ✔  functions[us-central1-sendText]: http function initialized (http://localhost:5001/insidesalesapi/us-central1/sendText). {"metadata":{"emulator":{"name":"functions"},"message":"\u001b[1mhttp\u001b[22m function initialized (http://localhost:5001/insidesalesapi/us-central1/sendText)."}}
[info] ✔  functions[us-central1-receiveText]: http function initialized (http://localhost:5001/insidesalesapi/us-central1/receiveText). {"metadata":{"emulator":{"name":"functions"},"message":"\u001b[1mhttp\u001b[22m function initialized (http://localhost:5001/insidesalesapi/us-central1/receiveText)."}}
[info] ✔  functions[us-central1-generateToken]: http function initialized (http://localhost:5001/insidesalesapi/us-central1/generateToken). {"metadata":{"emulator":{"name":"functions"},"message":"\u001b[1mhttp\u001b[22m function initialized (http://localhost:5001/insidesalesapi/us-central1/generateToken)."}}
[info] ✔  functions[us-central1-twilioCompletedCall]: http function initialized (http://localhost:5001/insidesalesapi/us-central1/twilioCompletedCall). {"metadata":{"emulator":{"name":"functions"},"message":"\u001b[1mhttp\u001b[22m function initialized (http://localhost:5001/insidesalesapi/us-central1/twilioCompletedCall)."}}
[info] ✔  functions[us-central1-twilioCallEndpoint]: http function initialized (http://localhost:5001/insidesalesapi/us-central1/twilioCallEndpoint). {"metadata":{"emulator":{"name":"functions"},"message":"\u001b[1mhttp\u001b[22m function initialized (http://localhost:5001/insidesalesapi/us-central1/twilioCallEndpoint)."}}
[info] ✔  functions[us-central1-test]: http function initialized (http://localhost:5001/insidesalesapi/us-central1/test). {"metadata":{"emulator":{"name":"functions"},"message":"\u001b[1mhttp\u001b[22m function initialized (http://localhost:5001/insidesalesapi/us-central1/test)."}}
[info] ✔  functions[us-central1-makePhoneCall]: http function initialized (http://localhost:5001/insidesalesapi/us-central1/makePhoneCall). {"metadata":{"emulator":{"name":"functions"},"message":"\u001b[1mhttp\u001b[22m function initialized (http://localhost:5001/insidesalesapi/us-central1/makePhoneCall)."}}
[info] ✔  functions[us-central1-createNewUser]: http function initialized (http://localhost:5001/insidesalesapi/us-central1/createNewUser). {"metadata":{"emulator":{"name":"functions"},"message":"\u001b[1mhttp\u001b[22m function initialized (http://localhost:5001/insidesalesapi/us-central1/createNewUser)."}}
[info] ✔  functions[us-central1-csvToJson]: http function initialized (http://localhost:5001/insidesalesapi/us-central1/csvToJson). {"metadata":{"emulator":{"name":"functions"},"message":"\u001b[1mhttp\u001b[22m function initialized (http://localhost:5001/insidesalesapi/us-central1/csvToJson)."}}
[info] ✔  functions[us-central1-helloWorld]: http function initialized (http://localhost:5001/insidesalesapi/us-central1/helloWorld). {"metadata":{"emulator":{"name":"functions"},"message":"\u001b[1mhttp\u001b[22m function initialized (http://localhost:5001/insidesalesapi/us-central1/helloWorld)."}}
[info] 
┌─────────────────────────────────────────────────────────────┐
│ ✔  All emulators ready! It is now safe to connect your app. │
│ i  View Emulator UI at http://localhost:4000                │
└─────────────────────────────────────────────────────────────┘

┌────────────────┬────────────────┬─────────────────────────────────┐
│ Emulator       │ Host:Port      │ View in Emulator UI             │
├────────────────┼────────────────┼─────────────────────────────────┤
│ Authentication │ localhost:9099 │ http://localhost:4000/auth      │
├────────────────┼────────────────┼─────────────────────────────────┤
│ Functions      │ localhost:5001 │ http://localhost:4000/functions │
├────────────────┼────────────────┼─────────────────────────────────┤
│ Firestore      │ localhost:8080 │ http://localhost:4000/firestore │
├────────────────┼────────────────┼─────────────────────────────────┤
│ Hosting        │ localhost:5000 │ n/a                             │
├────────────────┼────────────────┼─────────────────────────────────┤
│ Pub/Sub        │ localhost:8085 │ n/a                             │
├────────────────┼────────────────┼─────────────────────────────────┤
│ Storage        │ localhost:9199 │ http://localhost:4000/storage   │
└────────────────┴────────────────┴─────────────────────────────────┘
  Emulator Hub running at localhost:4400
  Other reserved ports: 4500

Issues? Report them at https://github.com/firebase/firebase-tools/issues and attach the *-debug.log files.
 
[debug] [2023-01-19T13:31:44.343Z] Jan 19, 2023 8:31:44 AM io.gapi.emulators.netty.HttpVersionRoutingHandler channelRead
INFO: Detected non-HTTP/2 connection.
 {"metadata":{"emulator":{"name":"firestore"},"message":"Jan 19, 2023 8:31:44 AM io.gapi.emulators.netty.HttpVersionRoutingHandler channelRead\nINFO: Detected non-HTTP/2 connection.\n"}}
[debug] [2023-01-19T13:31:44.391Z] Jan 19, 2023 8:31:44 AM io.gapi.emulators.netty.HttpVersionRoutingHandler channelRead
INFO: Detected non-HTTP/2 connection.
 {"metadata":{"emulator":{"name":"firestore"},"message":"Jan 19, 2023 8:31:44 AM io.gapi.emulators.netty.HttpVersionRoutingHandler channelRead\nINFO: Detected non-HTTP/2 connection.\n"}}
[debug] [2023-01-19T13:31:44.425Z] Jan 19, 2023 8:31:44 AM com.google.cloud.datastore.emulator.firestore.websocket.WebSocketChannelHandler initChannel
INFO: Connected to new websocket client
 {"metadata":{"emulator":{"name":"firestore"},"message":"Jan 19, 2023 8:31:44 AM com.google.cloud.datastore.emulator.firestore.websocket.WebSocketChannelHandler initChannel\nINFO: Connected to new websocket client\n"}}
[debug] [2023-01-19T13:31:48.272Z] Jan 19, 2023 8:31:48 AM io.gapi.emulators.netty.HttpVersionRoutingHandler channelRead
INFO: Detected non-HTTP/2 connection.
 {"metadata":{"emulator":{"name":"firestore"},"message":"Jan 19, 2023 8:31:48 AM io.gapi.emulators.netty.HttpVersionRoutingHandler channelRead\nINFO: Detected non-HTTP/2 connection.\n"}}
[debug] [2023-01-19T13:31:50.297Z] Jan 19, 2023 8:31:50 AM io.gapi.emulators.netty.HttpVersionRoutingHandler channelRead
INFO: Detected non-HTTP/2 connection.
 {"metadata":{"emulator":{"name":"firestore"},"message":"Jan 19, 2023 8:31:50 AM io.gapi.emulators.netty.HttpVersionRoutingHandler channelRead\nINFO: Detected non-HTTP/2 connection.\n"}}
[debug] [2023-01-19T13:31:54.283Z] [work-queue] {"queueLength":1,"workRunningCount":0}
[debug] [2023-01-19T13:31:54.284Z] [work-queue] {"queueLength":0,"workRunningCount":1}
[debug] [2023-01-19T13:31:54.284Z] Accepted request OPTIONS /insidesalesapi/us-central1/sendText --> us-central1-sendText
[debug] [2023-01-19T13:31:54.291Z] [worker-pool] addWorker(us-central1-sendText) {"metadata":{"emulator":{"name":"functions"},"message":"[worker-pool] addWorker(us-central1-sendText)"}}
[debug] [2023-01-19T13:31:54.291Z] [worker-pool] Adding worker with key us-central1-sendText, total=1 {"metadata":{"emulator":{"name":"functions"},"message":"[worker-pool] Adding worker with key us-central1-sendText, total=1"}}
[debug] [2023-01-19T13:31:54.291Z] [worker-pool] submitWork(triggerId=us-central1-sendText) {"metadata":{"emulator":{"name":"functions"},"message":"[worker-pool] submitWork(triggerId=us-central1-sendText)"}}
[debug] [2023-01-19T13:31:54.291Z] [worker-us-central1-sendText-a6049a72-fa91-41ab-90d5-70b8aa8a3967]: Assigning socketPath: /var/folders/lq/55q0j4g50y71ygjzmvt3rtbw0000gn/T/fire_emu_38724.sock {"metadata":{"emulator":{"name":"functions"},"message":"[worker-us-central1-sendText-a6049a72-fa91-41ab-90d5-70b8aa8a3967]: Assigning socketPath: /var/folders/lq/55q0j4g50y71ygjzmvt3rtbw0000gn/T/fire_emu_38724.sock"}}
[debug] [2023-01-19T13:31:54.292Z] [worker-us-central1-sendText-a6049a72-fa91-41ab-90d5-70b8aa8a3967]: BUSY {"metadata":{"emulator":{"name":"functions"},"message":"[worker-us-central1-sendText-a6049a72-fa91-41ab-90d5-70b8aa8a3967]: BUSY"}}
[debug] [2023-01-19T13:31:55.059Z] [runtime-status] [38724] Functions runtime initialized. {"cwd":"/Users/ryanrieben/Desktop/BMS-Inside-SalesApp-1/functions","node_version":"16.14.2"} {"metadata":{"emulator":{"name":"functions"},"function":{"name":"us-central1-sendText"},"extension":{},"message":"[runtime-status] [38724] Functions runtime initialized. {\"cwd\":\"/Users/ryanrieben/Desktop/BMS-Inside-SalesApp-1/functions\",\"node_version\":\"16.14.2\"}"}}
[debug] [2023-01-19T13:31:55.060Z] [runtime-status] [38724] Disabled runtime features: undefined {"metadata":{"emulator":{"name":"functions"},"function":{"name":"us-central1-sendText"},"extension":{},"message":"[runtime-status] [38724] Disabled runtime features: undefined"}}
[debug] [2023-01-19T13:31:55.061Z] [runtime-status] [38724] Resolved module firebase-admin {"declared":true,"installed":true,"version":"10.3.0","resolution":"/Users/ryanrieben/Desktop/BMS-Inside-SalesApp-1/functions/node_modules/firebase-admin/lib/index.js"} {"metadata":{"emulator":{"name":"functions"},"function":{"name":"us-central1-sendText"},"extension":{},"message":"[runtime-status] [38724] Resolved module firebase-admin {\"declared\":true,\"installed\":true,\"version\":\"10.3.0\",\"resolution\":\"/Users/ryanrieben/Desktop/BMS-Inside-SalesApp-1/functions/node_modules/firebase-admin/lib/index.js\"}"}}
[debug] [2023-01-19T13:31:55.062Z] [runtime-status] [38724] Resolved module firebase-functions {"declared":true,"installed":true,"version":"3.22.0","resolution":"/Users/ryanrieben/Desktop/BMS-Inside-SalesApp-1/functions/node_modules/firebase-functions/lib/index.js"} {"metadata":{"emulator":{"name":"functions"},"function":{"name":"us-central1-sendText"},"extension":{},"message":"[runtime-status] [38724] Resolved module firebase-functions {\"declared\":true,\"installed\":true,\"version\":\"3.22.0\",\"resolution\":\"/Users/ryanrieben/Desktop/BMS-Inside-SalesApp-1/functions/node_modules/firebase-functions/lib/index.js\"}"}}
[debug] [2023-01-19T13:31:55.063Z] [runtime-status] [38724] Outgoing network have been stubbed. [{"name":"http","status":"mocked"},{"name":"http","status":"mocked"},{"name":"https","status":"mocked"},{"name":"https","status":"mocked"},{"name":"net","status":"mocked"}] {"metadata":{"emulator":{"name":"functions"},"function":{"name":"us-central1-sendText"},"extension":{},"message":"[runtime-status] [38724] Outgoing network have been stubbed. [{\"name\":\"http\",\"status\":\"mocked\"},{\"name\":\"http\",\"status\":\"mocked\"},{\"name\":\"https\",\"status\":\"mocked\"},{\"name\":\"https\",\"status\":\"mocked\"},{\"name\":\"net\",\"status\":\"mocked\"}]"}}
[debug] [2023-01-19T13:31:55.063Z] [runtime-status] [38724] Resolved module firebase-functions {"declared":true,"installed":true,"version":"3.22.0","resolution":"/Users/ryanrieben/Desktop/BMS-Inside-SalesApp-1/functions/node_modules/firebase-functions/lib/index.js"} {"metadata":{"emulator":{"name":"functions"},"function":{"name":"us-central1-sendText"},"extension":{},"message":"[runtime-status] [38724] Resolved module firebase-functions {\"declared\":true,\"installed\":true,\"version\":\"3.22.0\",\"resolution\":\"/Users/ryanrieben/Desktop/BMS-Inside-SalesApp-1/functions/node_modules/firebase-functions/lib/index.js\"}"}}
[debug] [2023-01-19T13:31:55.091Z] [runtime-status] [38724] Checked functions.config() {"config":{}} {"metadata":{"emulator":{"name":"functions"},"function":{"name":"us-central1-sendText"},"extension":{},"message":"[runtime-status] [38724] Checked functions.config() {\"config\":{}}"}}
[debug] [2023-01-19T13:31:55.092Z] [runtime-status] [38724] firebase-functions has been stubbed. {"functionsResolution":{"declared":true,"installed":true,"version":"3.22.0","resolution":"/Users/ryanrieben/Desktop/BMS-Inside-SalesApp-1/functions/node_modules/firebase-functions/lib/index.js"}} {"metadata":{"emulator":{"name":"functions"},"function":{"name":"us-central1-sendText"},"extension":{},"message":"[runtime-status] [38724] firebase-functions has been stubbed. {\"functionsResolution\":{\"declared\":true,\"installed\":true,\"version\":\"3.22.0\",\"resolution\":\"/Users/ryanrieben/Desktop/BMS-Inside-SalesApp-1/functions/node_modules/firebase-functions/lib/index.js\"}}"}}
[debug] [2023-01-19T13:31:55.092Z] [runtime-status] [38724] Resolved module firebase-functions {"declared":true,"installed":true,"version":"3.22.0","resolution":"/Users/ryanrieben/Desktop/BMS-Inside-SalesApp-1/functions/node_modules/firebase-functions/lib/index.js"} {"metadata":{"emulator":{"name":"functions"},"function":{"name":"us-central1-sendText"},"extension":{},"message":"[runtime-status] [38724] Resolved module firebase-functions {\"declared\":true,\"installed\":true,\"version\":\"3.22.0\",\"resolution\":\"/Users/ryanrieben/Desktop/BMS-Inside-SalesApp-1/functions/node_modules/firebase-functions/lib/index.js\"}"}}
[debug] [2023-01-19T13:31:55.093Z] [runtime-status] [38724] Resolved module firebase-admin {"declared":true,"installed":true,"version":"10.3.0","resolution":"/Users/ryanrieben/Desktop/BMS-Inside-SalesApp-1/functions/node_modules/firebase-admin/lib/index.js"} {"metadata":{"emulator":{"name":"functions"},"function":{"name":"us-central1-sendText"},"extension":{},"message":"[runtime-status] [38724] Resolved module firebase-admin {\"declared\":true,\"installed\":true,\"version\":\"10.3.0\",\"resolution\":\"/Users/ryanrieben/Desktop/BMS-Inside-SalesApp-1/functions/node_modules/firebase-admin/lib/index.js\"}"}}
[debug] [2023-01-19T13:31:55.093Z] [runtime-status] [38724] Resolved module firebase-functions {"declared":true,"installed":true,"version":"3.22.0","resolution":"/Users/ryanrieben/Desktop/BMS-Inside-SalesApp-1/functions/node_modules/firebase-functions/lib/index.js"} {"metadata":{"emulator":{"name":"functions"},"function":{"name":"us-central1-sendText"},"extension":{},"message":"[runtime-status] [38724] Resolved module firebase-functions {\"declared\":true,\"installed\":true,\"version\":\"3.22.0\",\"resolution\":\"/Users/ryanrieben/Desktop/BMS-Inside-SalesApp-1/functions/node_modules/firebase-functions/lib/index.js\"}"}}
[debug] [2023-01-19T13:31:55.094Z] [runtime-status] [38724] firebase-admin has been stubbed. {"adminResolution":{"declared":true,"installed":true,"version":"10.3.0","resolution":"/Users/ryanrieben/Desktop/BMS-Inside-SalesApp-1/functions/node_modules/firebase-admin/lib/index.js"}} {"metadata":{"emulator":{"name":"functions"},"function":{"name":"us-central1-sendText"},"extension":{},"message":"[runtime-status] [38724] firebase-admin has been stubbed. {\"adminResolution\":{\"declared\":true,\"installed\":true,\"version\":\"10.3.0\",\"resolution\":\"/Users/ryanrieben/Desktop/BMS-Inside-SalesApp-1/functions/node_modules/firebase-admin/lib/index.js\"}}"}}
[debug] [2023-01-19T13:31:55.181Z] [runtime-status] [38724] initializeApp(DEFAULT) {"credential":{"implicit":false,"projectId":"insidesalesapi","privateKey":"-----BEGIN PRIVATE KEY-----\nMIIEvQIBADANBgkqhkiG9w0BAQEFAASCBKcwggSjAgEAAoIBAQC7xgW/HdRVf1z5\nfcfprdt2vntFlb115U64Mgoh5JhDW/DHq8GVZGTWv3pdyytBtnZXlKSxCP8B6oaV\nB4828ekmIdy/hI6dddVlFFFQMydWLQuISOTVO8QEAmHj0FHm5/X6BfbDr8AyMBt8\ntqGkwbihbD7URLB1lko9bSvpzPA6aTLcJzq3zqJzeiIuULhcJFAtAP5c8irhLe+F\nxSrp79WzTzmV8Mb8oYBNbcRu+gls64daAS6CGYhw4W0i8G21u2RdzHnGNBddwyIK\nN5DaBiAOC6NB9AN/4ePLzLwIx9yh7lOwQ4idLxqBDFOtsmoR69oARYoJnwW63IVh\nWlvpKP/HAgMBAAECggEASedcZ6YT5jqkm0WYIy7cS9YYqoCO+xHvc6uuNTzFeO18\nzPmazXOgBK2EOdo3AjwQQ9QrJcqGo3hs08cP5O49d1aojXBcuTihbpEal9gqSU6d\nVVxrREmrknBlmsZpFdqCA4/JWaeYm6g3iVRQNopQYqg56k3GreEjAx4uxGx2uGX2\ndkkwvwlx4g7kEuc05LoyV5JMney4+e+LlB+BINVTvkARGKr+NzX8uLFXnMwjAZn1\nQvWVPQVx7YONtXlu42tXwZDxVs8BlAnu7TIbDtV1dW9DRsyAGTiIMPFLKX+fxwAc\n1irBN1sITI5FlI4DWiUJXmvTFWJtMJvZinVWfdjRsQKBgQDkT3j2xAhGwepF9JEa\nkwffugtK4zEKJTsDaLC3GtDsLrIWqPyP1NupVMWkDnk/0PJbXseJLpiQJMuLwF2t\no8S9AZAPbJWUuc/Jt27ci9fTcMkT8V16IgAX3llUarKA+qJ6IlNUXBVwqXZ++YZQ\nTm5AevrR1Lf+tqHGhzsDgVN8AwKBgQDSi/g29+bSrUlfg0I1b+BdI0HhwzloSQ3s\nLSrKY7riaoN1IqBXm35r74Z6eQomCBCGtGS8viEB9FXsQJ5/ZEwYMjUfJHp6v/F9\nSrwT1QOPa0qcl/MRAGyH98ICDyieilY7lrdDBXMmFbBeUA4WyN2yQjVTneldLFrh\naDeDP8O77QKBgBbTOyywfINWb61+veMCQA9F8ksSW5zADB5TIRetPqXeJT/OtTFL\n/on3R6sXJ1gR86je2OQGHIqMoyzdln/9l3Wt6lEgcfPkf7mS9SpncLRa2j98KfRD\n4e6A9D1UTXRHmmbLd7k/W4Vf69DV8W+l56/am6jOs3Zrm9DVRDkdfNMxAoGBAKA2\nC/lf6A+V9sgsLBxXdkXJB1/QWwWk2WhG8lGxU8roPAHNCG/BjZB6Yj0dj4BjEJg/\n+ou4rYs8LomonjLX0iNzSQLakiyHlC2/yZ/Zrmzaupqv8TCVvwAzojhI6qLBJ18O\nj4L7SaTISj1p816ZGEGFqehnt+TDVKBC2kMQKVP9AoGAV1DYgyPXjNKrcV5TuLwg\np3skiOGsx09U3LcxKVRPbp3PC7gu2iV4jnvxvtz5XsvjOMJ4mRVULpm4PTlJeFPp\nH/Kuz1z+JIv81pWkzxYSwkh4VbYImDEE3NAb+c45D13eJ/1GNaAsoAjmW0KYsmHg\nVWx3alMV/BDsLUfXFbSmeek=\n-----END PRIVATE KEY-----\n","clientEmail":"firebase-adminsdk-f9x7w@insidesalesapi.iam.gserviceaccount.com","httpClient":{"retry":{"maxRetries":4,"statusCodes":[503],"ioErrorCodes":["ECONNRESET","ETIMEDOUT"],"backOffFactor":0.5,"maxDelayInMillis":60000}}}} {"metadata":{"emulator":{"name":"functions"},"function":{"name":"us-central1-sendText"},"extension":{},"message":"[runtime-status] [38724] initializeApp(DEFAULT) {\"credential\":{\"implicit\":false,\"projectId\":\"insidesalesapi\",\"privateKey\":\"-----BEGIN PRIVATE KEY-----\\nMIIEvQIBADANBgkqhkiG9w0BAQEFAASCBKcwggSjAgEAAoIBAQC7xgW/HdRVf1z5\\nfcfprdt2vntFlb115U64Mgoh5JhDW/DHq8GVZGTWv3pdyytBtnZXlKSxCP8B6oaV\\nB4828ekmIdy/hI6dddVlFFFQMydWLQuISOTVO8QEAmHj0FHm5/X6BfbDr8AyMBt8\\ntqGkwbihbD7URLB1lko9bSvpzPA6aTLcJzq3zqJzeiIuULhcJFAtAP5c8irhLe+F\\nxSrp79WzTzmV8Mb8oYBNbcRu+gls64daAS6CGYhw4W0i8G21u2RdzHnGNBddwyIK\\nN5DaBiAOC6NB9AN/4ePLzLwIx9yh7lOwQ4idLxqBDFOtsmoR69oARYoJnwW63IVh\\nWlvpKP/HAgMBAAECggEASedcZ6YT5jqkm0WYIy7cS9YYqoCO+xHvc6uuNTzFeO18\\nzPmazXOgBK2EOdo3AjwQQ9QrJcqGo3hs08cP5O49d1aojXBcuTihbpEal9gqSU6d\\nVVxrREmrknBlmsZpFdqCA4/JWaeYm6g3iVRQNopQYqg56k3GreEjAx4uxGx2uGX2\\ndkkwvwlx4g7kEuc05LoyV5JMney4+e+LlB+BINVTvkARGKr+NzX8uLFXnMwjAZn1\\nQvWVPQVx7YONtXlu42tXwZDxVs8BlAnu7TIbDtV1dW9DRsyAGTiIMPFLKX+fxwAc\\n1irBN1sITI5FlI4DWiUJXmvTFWJtMJvZinVWfdjRsQKBgQDkT3j2xAhGwepF9JEa\\nkwffugtK4zEKJTsDaLC3GtDsLrIWqPyP1NupVMWkDnk/0PJbXseJLpiQJMuLwF2t\\no8S9AZAPbJWUuc/Jt27ci9fTcMkT8V16IgAX3llUarKA+qJ6IlNUXBVwqXZ++YZQ\\nTm5AevrR1Lf+tqHGhzsDgVN8AwKBgQDSi/g29+bSrUlfg0I1b+BdI0HhwzloSQ3s\\nLSrKY7riaoN1IqBXm35r74Z6eQomCBCGtGS8viEB9FXsQJ5/ZEwYMjUfJHp6v/F9\\nSrwT1QOPa0qcl/MRAGyH98ICDyieilY7lrdDBXMmFbBeUA4WyN2yQjVTneldLFrh\\naDeDP8O77QKBgBbTOyywfINWb61+veMCQA9F8ksSW5zADB5TIRetPqXeJT/OtTFL\\n/on3R6sXJ1gR86je2OQGHIqMoyzdln/9l3Wt6lEgcfPkf7mS9SpncLRa2j98KfRD\\n4e6A9D1UTXRHmmbLd7k/W4Vf69DV8W+l56/am6jOs3Zrm9DVRDkdfNMxAoGBAKA2\\nC/lf6A+V9sgsLBxXdkXJB1/QWwWk2WhG8lGxU8roPAHNCG/BjZB6Yj0dj4BjEJg/\\n+ou4rYs8LomonjLX0iNzSQLakiyHlC2/yZ/Zrmzaupqv8TCVvwAzojhI6qLBJ18O\\nj4L7SaTISj1p816ZGEGFqehnt+TDVKBC2kMQKVP9AoGAV1DYgyPXjNKrcV5TuLwg\\np3skiOGsx09U3LcxKVRPbp3PC7gu2iV4jnvxvtz5XsvjOMJ4mRVULpm4PTlJeFPp\\nH/Kuz1z+JIv81pWkzxYSwkh4VbYImDEE3NAb+c45D13eJ/1GNaAsoAjmW0KYsmHg\\nVWx3alMV/BDsLUfXFbSmeek=\\n-----END PRIVATE KEY-----\\n\",\"clientEmail\":\"firebase-adminsdk-f9x7w@insidesalesapi.iam.gserviceaccount.com\",\"httpClient\":{\"retry\":{\"maxRetries\":4,\"statusCodes\":[503],\"ioErrorCodes\":[\"ECONNRESET\",\"ETIMEDOUT\"],\"backOffFactor\":0.5,\"maxDelayInMillis\":60000}}}}"}}
[debug] [2023-01-19T13:31:55.182Z] [runtime-status] [38724] Beginning invocation function sendText! {"metadata":{"emulator":{"name":"functions"},"function":{"name":"us-central1-sendText"},"extension":{},"message":"[runtime-status] [38724] Beginning invocation function sendText!"}}
[info] i  functions: Beginning execution of "sendText" {"metadata":{"emulator":{"name":"functions"},"function":{"name":"us-central1-sendText"},"extension":{},"message":"Beginning execution of \"sendText\""}}
[debug] [2023-01-19T13:31:55.183Z] [runtime-status] [38724] Running sendText in signature http {"metadata":{"emulator":{"name":"functions"},"function":{"name":"us-central1-sendText"},"extension":{},"message":"[runtime-status] [38724] Running sendText in signature http"}}
[debug] [2023-01-19T13:31:55.186Z] [runtime-status] [38724] Attempting to listen to socketPath: /var/folders/lq/55q0j4g50y71ygjzmvt3rtbw0000gn/T/fire_emu_38724.sock {"metadata":{"emulator":{"name":"functions"},"function":{"name":"us-central1-sendText"},"extension":{},"message":"[runtime-status] [38724] Attempting to listen to socketPath: /var/folders/lq/55q0j4g50y71ygjzmvt3rtbw0000gn/T/fire_emu_38724.sock"}}
[debug] [2023-01-19T13:31:55.189Z] [functions] Runtime ready! Sending request! {"metadata":{"emulator":{"name":"functions"},"message":"[functions] Runtime ready! Sending request!"}}
[debug] [2023-01-19T13:31:55.190Z] [functions] Got req.url=/insidesalesapi/us-central1/sendText, mapping to path=/ {"metadata":{"emulator":{"name":"functions"},"message":"[functions] Got req.url=/insidesalesapi/us-central1/sendText, mapping to path=/"}}
[debug] [2023-01-19T13:31:55.197Z] [runtime-status] [38724] Ephemeral server handling OPTIONS request {"metadata":{"emulator":{"name":"functions"},"function":{"name":"us-central1-sendText"},"extension":{},"message":"[runtime-status] [38724] Ephemeral server handling OPTIONS request"}}
[debug] [2023-01-19T13:31:55.203Z] [work-queue] {"queueLength":1,"workRunningCount":1}
[debug] [2023-01-19T13:31:55.203Z] [work-queue] {"queueLength":0,"workRunningCount":2}
[debug] [2023-01-19T13:31:55.203Z] Accepted request POST /insidesalesapi/us-central1/sendText --> us-central1-sendText
[debug] [2023-01-19T13:31:55.203Z] ID Token: eyJhbGciOiJSUzI1NiIsImtpZCI6ImQwNTU5YzU5MDgzZDc3YWI2NDUxOThiNTIxZmM4ZmVmZmVlZmJkNjIiLCJ0eXAiOiJKV1QifQ.eyJpc3MiOiJodHRwczovL3NlY3VyZXRva2VuLmdvb2dsZS5jb20vaW5zaWRlc2FsZXNhcGkiLCJhdWQiOiJpbnNpZGVzYWxlc2FwaSIsImF1dGhfdGltZSI6MTY3NDEzNDg1OSwidXNlcl9pZCI6ImVja0tCN0ZpMnBYQ1Z2RVA1RGJOMzR3WXk1bTIiLCJzdWIiOiJlY2tLQjdGaTJwWENWdkVQNURiTjM0d1l5NW0yIiwiaWF0IjoxNjc0MTM0ODU5LCJleHAiOjE2NzQxMzg0NTksImVtYWlsIjoidGVzdHVzZXJvbmVAdGVzdC5jb20iLCJlbWFpbF92ZXJpZmllZCI6ZmFsc2UsImZpcmViYXNlIjp7ImlkZW50aXRpZXMiOnsiZW1haWwiOlsidGVzdHVzZXJvbmVAdGVzdC5jb20iXX0sInNpZ25faW5fcHJvdmlkZXIiOiJwYXNzd29yZCJ9fQ.e7e3OedT17KzKRyLLyx5inYXqCuzM7s3RJ3aMFN6f8TfLez4IQj5RVqPrTDjmJhhDas01x5I0H89HuzjIv-zY6VYoFoqFpn8df9hevSp4bITAP7Y9TdhEBm0x936MNQpyuWi6iyM_cAfNFhghVim-m71sBXyJNDjZ3UkqS2gABvRiBFJAhjX3rX7-8hFFJFW1ONEdJEVnNjrn_HHvaA-qqsuF6RLujjEl8wCvqj0cVq8_JgIi3Do3NDBi8CNGSMmps8rMVsFodhKx2ea7r4tT3mHMS_BBbm1glQOsIHVvSBNvKZA__elp0asbi_b8rGCugSeuYLmWxnItF1mXAUfbw
[debug] [2023-01-19T13:31:55.208Z] [worker-pool] addWorker(us-central1-sendText) {"metadata":{"emulator":{"name":"functions"},"message":"[worker-pool] addWorker(us-central1-sendText)"}}
[debug] [2023-01-19T13:31:55.208Z] [worker-pool] Adding worker with key us-central1-sendText, total=2 {"metadata":{"emulator":{"name":"functions"},"message":"[worker-pool] Adding worker with key us-central1-sendText, total=2"}}
[debug] [2023-01-19T13:31:55.208Z] [worker-pool] submitWork(triggerId=us-central1-sendText) {"metadata":{"emulator":{"name":"functions"},"message":"[worker-pool] submitWork(triggerId=us-central1-sendText)"}}
[debug] [2023-01-19T13:31:55.209Z] [worker-us-central1-sendText-feaa56ab-2bdd-4582-ab50-5b8e29d6fa5d]: Assigning socketPath: /var/folders/lq/55q0j4g50y71ygjzmvt3rtbw0000gn/T/fire_emu_38725.sock {"metadata":{"emulator":{"name":"functions"},"message":"[worker-us-central1-sendText-feaa56ab-2bdd-4582-ab50-5b8e29d6fa5d]: Assigning socketPath: /var/folders/lq/55q0j4g50y71ygjzmvt3rtbw0000gn/T/fire_emu_38725.sock"}}
[debug] [2023-01-19T13:31:55.209Z] [worker-us-central1-sendText-feaa56ab-2bdd-4582-ab50-5b8e29d6fa5d]: BUSY {"metadata":{"emulator":{"name":"functions"},"message":"[worker-us-central1-sendText-feaa56ab-2bdd-4582-ab50-5b8e29d6fa5d]: BUSY"}}
[debug] [2023-01-19T13:31:55.209Z] [runtime-status] [38724] Ephemeral server survived. {"metadata":{"emulator":{"name":"functions"},"function":{"name":"us-central1-sendText"},"extension":{},"message":"[runtime-status] [38724] Ephemeral server survived."}}
[info] i  functions: Finished "sendText" in ~1s {"metadata":{"emulator":{"name":"functions"},"function":{"name":"us-central1-sendText"},"extension":{},"message":"Finished \"sendText\" in ~1s"}}
[debug] [2023-01-19T13:31:55.210Z] [worker-us-central1-sendText-a6049a72-fa91-41ab-90d5-70b8aa8a3967]: IDLE {"metadata":{"emulator":{"name":"functions"},"message":"[worker-us-central1-sendText-a6049a72-fa91-41ab-90d5-70b8aa8a3967]: IDLE"}}
[debug] [2023-01-19T13:31:55.210Z] [work-queue] {"queueLength":0,"workRunningCount":1}
[debug] [2023-01-19T13:31:56.072Z] [runtime-status] [38725] Functions runtime initialized. {"cwd":"/Users/ryanrieben/Desktop/BMS-Inside-SalesApp-1/functions","node_version":"16.14.2"} {"metadata":{"emulator":{"name":"functions"},"function":{"name":"us-central1-sendText"},"extension":{},"message":"[runtime-status] [38725] Functions runtime initialized. {\"cwd\":\"/Users/ryanrieben/Desktop/BMS-Inside-SalesApp-1/functions\",\"node_version\":\"16.14.2\"}"}}
[debug] [2023-01-19T13:31:56.074Z] [runtime-status] [38725] Disabled runtime features: undefined {"metadata":{"emulator":{"name":"functions"},"function":{"name":"us-central1-sendText"},"extension":{},"message":"[runtime-status] [38725] Disabled runtime features: undefined"}}
[debug] [2023-01-19T13:31:56.075Z] [runtime-status] [38725] Resolved module firebase-admin {"declared":true,"installed":true,"version":"10.3.0","resolution":"/Users/ryanrieben/Desktop/BMS-Inside-SalesApp-1/functions/node_modules/firebase-admin/lib/index.js"} {"metadata":{"emulator":{"name":"functions"},"function":{"name":"us-central1-sendText"},"extension":{},"message":"[runtime-status] [38725] Resolved module firebase-admin {\"declared\":true,\"installed\":true,\"version\":\"10.3.0\",\"resolution\":\"/Users/ryanrieben/Desktop/BMS-Inside-SalesApp-1/functions/node_modules/firebase-admin/lib/index.js\"}"}}
[debug] [2023-01-19T13:31:56.076Z] [runtime-status] [38725] Resolved module firebase-functions {"declared":true,"installed":true,"version":"3.22.0","resolution":"/Users/ryanrieben/Desktop/BMS-Inside-SalesApp-1/functions/node_modules/firebase-functions/lib/index.js"} {"metadata":{"emulator":{"name":"functions"},"function":{"name":"us-central1-sendText"},"extension":{},"message":"[runtime-status] [38725] Resolved module firebase-functions {\"declared\":true,\"installed\":true,\"version\":\"3.22.0\",\"resolution\":\"/Users/ryanrieben/Desktop/BMS-Inside-SalesApp-1/functions/node_modules/firebase-functions/lib/index.js\"}"}}
[debug] [2023-01-19T13:31:56.076Z] [runtime-status] [38725] Outgoing network have been stubbed. [{"name":"http","status":"mocked"},{"name":"http","status":"mocked"},{"name":"https","status":"mocked"},{"name":"https","status":"mocked"},{"name":"net","status":"mocked"}] {"metadata":{"emulator":{"name":"functions"},"function":{"name":"us-central1-sendText"},"extension":{},"message":"[runtime-status] [38725] Outgoing network have been stubbed. [{\"name\":\"http\",\"status\":\"mocked\"},{\"name\":\"http\",\"status\":\"mocked\"},{\"name\":\"https\",\"status\":\"mocked\"},{\"name\":\"https\",\"status\":\"mocked\"},{\"name\":\"net\",\"status\":\"mocked\"}]"}}
[debug] [2023-01-19T13:31:56.077Z] [runtime-status] [38725] Resolved module firebase-functions {"declared":true,"installed":true,"version":"3.22.0","resolution":"/Users/ryanrieben/Desktop/BMS-Inside-SalesApp-1/functions/node_modules/firebase-functions/lib/index.js"} {"metadata":{"emulator":{"name":"functions"},"function":{"name":"us-central1-sendText"},"extension":{},"message":"[runtime-status] [38725] Resolved module firebase-functions {\"declared\":true,\"installed\":true,\"version\":\"3.22.0\",\"resolution\":\"/Users/ryanrieben/Desktop/BMS-Inside-SalesApp-1/functions/node_modules/firebase-functions/lib/index.js\"}"}}
[debug] [2023-01-19T13:31:56.105Z] [runtime-status] [38725] Checked functions.config() {"config":{}} {"metadata":{"emulator":{"name":"functions"},"function":{"name":"us-central1-sendText"},"extension":{},"message":"[runtime-status] [38725] Checked functions.config() {\"config\":{}}"}}
[debug] [2023-01-19T13:31:56.105Z] [runtime-status] [38725] firebase-functions has been stubbed. {"functionsResolution":{"declared":true,"installed":true,"version":"3.22.0","resolution":"/Users/ryanrieben/Desktop/BMS-Inside-SalesApp-1/functions/node_modules/firebase-functions/lib/index.js"}} {"metadata":{"emulator":{"name":"functions"},"function":{"name":"us-central1-sendText"},"extension":{},"message":"[runtime-status] [38725] firebase-functions has been stubbed. {\"functionsResolution\":{\"declared\":true,\"installed\":true,\"version\":\"3.22.0\",\"resolution\":\"/Users/ryanrieben/Desktop/BMS-Inside-SalesApp-1/functions/node_modules/firebase-functions/lib/index.js\"}}"}}
[debug] [2023-01-19T13:31:56.106Z] [runtime-status] [38725] Resolved module firebase-functions {"declared":true,"installed":true,"version":"3.22.0","resolution":"/Users/ryanrieben/Desktop/BMS-Inside-SalesApp-1/functions/node_modules/firebase-functions/lib/index.js"} {"metadata":{"emulator":{"name":"functions"},"function":{"name":"us-central1-sendText"},"extension":{},"message":"[runtime-status] [38725] Resolved module firebase-functions {\"declared\":true,\"installed\":true,\"version\":\"3.22.0\",\"resolution\":\"/Users/ryanrieben/Desktop/BMS-Inside-SalesApp-1/functions/node_modules/firebase-functions/lib/index.js\"}"}}
[debug] [2023-01-19T13:31:56.107Z] [runtime-status] [38725] Resolved module firebase-admin {"declared":true,"installed":true,"version":"10.3.0","resolution":"/Users/ryanrieben/Desktop/BMS-Inside-SalesApp-1/functions/node_modules/firebase-admin/lib/index.js"} {"metadata":{"emulator":{"name":"functions"},"function":{"name":"us-central1-sendText"},"extension":{},"message":"[runtime-status] [38725] Resolved module firebase-admin {\"declared\":true,\"installed\":true,\"version\":\"10.3.0\",\"resolution\":\"/Users/ryanrieben/Desktop/BMS-Inside-SalesApp-1/functions/node_modules/firebase-admin/lib/index.js\"}"}}
[debug] [2023-01-19T13:31:56.107Z] [runtime-status] [38725] Resolved module firebase-functions {"declared":true,"installed":true,"version":"3.22.0","resolution":"/Users/ryanrieben/Desktop/BMS-Inside-SalesApp-1/functions/node_modules/firebase-functions/lib/index.js"} {"metadata":{"emulator":{"name":"functions"},"function":{"name":"us-central1-sendText"},"extension":{},"message":"[runtime-status] [38725] Resolved module firebase-functions {\"declared\":true,\"installed\":true,\"version\":\"3.22.0\",\"resolution\":\"/Users/ryanrieben/Desktop/BMS-Inside-SalesApp-1/functions/node_modules/firebase-functions/lib/index.js\"}"}}
[debug] [2023-01-19T13:31:56.107Z] [runtime-status] [38725] firebase-admin has been stubbed. {"adminResolution":{"declared":true,"installed":true,"version":"10.3.0","resolution":"/Users/ryanrieben/Desktop/BMS-Inside-SalesApp-1/functions/node_modules/firebase-admin/lib/index.js"}} {"metadata":{"emulator":{"name":"functions"},"function":{"name":"us-central1-sendText"},"extension":{},"message":"[runtime-status] [38725] firebase-admin has been stubbed. {\"adminResolution\":{\"declared\":true,\"installed\":true,\"version\":\"10.3.0\",\"resolution\":\"/Users/ryanrieben/Desktop/BMS-Inside-SalesApp-1/functions/node_modules/firebase-admin/lib/index.js\"}}"}}
[debug] [2023-01-19T13:31:56.192Z] [runtime-status] [38725] initializeApp(DEFAULT) {"credential":{"implicit":false,"projectId":"insidesalesapi","privateKey":"-----BEGIN PRIVATE KEY-----\nMIIEvQIBADANBgkqhkiG9w0BAQEFAASCBKcwggSjAgEAAoIBAQC7xgW/HdRVf1z5\nfcfprdt2vntFlb115U64Mgoh5JhDW/DHq8GVZGTWv3pdyytBtnZXlKSxCP8B6oaV\nB4828ekmIdy/hI6dddVlFFFQMydWLQuISOTVO8QEAmHj0FHm5/X6BfbDr8AyMBt8\ntqGkwbihbD7URLB1lko9bSvpzPA6aTLcJzq3zqJzeiIuULhcJFAtAP5c8irhLe+F\nxSrp79WzTzmV8Mb8oYBNbcRu+gls64daAS6CGYhw4W0i8G21u2RdzHnGNBddwyIK\nN5DaBiAOC6NB9AN/4ePLzLwIx9yh7lOwQ4idLxqBDFOtsmoR69oARYoJnwW63IVh\nWlvpKP/HAgMBAAECggEASedcZ6YT5jqkm0WYIy7cS9YYqoCO+xHvc6uuNTzFeO18\nzPmazXOgBK2EOdo3AjwQQ9QrJcqGo3hs08cP5O49d1aojXBcuTihbpEal9gqSU6d\nVVxrREmrknBlmsZpFdqCA4/JWaeYm6g3iVRQNopQYqg56k3GreEjAx4uxGx2uGX2\ndkkwvwlx4g7kEuc05LoyV5JMney4+e+LlB+BINVTvkARGKr+NzX8uLFXnMwjAZn1\nQvWVPQVx7YONtXlu42tXwZDxVs8BlAnu7TIbDtV1dW9DRsyAGTiIMPFLKX+fxwAc\n1irBN1sITI5FlI4DWiUJXmvTFWJtMJvZinVWfdjRsQKBgQDkT3j2xAhGwepF9JEa\nkwffugtK4zEKJTsDaLC3GtDsLrIWqPyP1NupVMWkDnk/0PJbXseJLpiQJMuLwF2t\no8S9AZAPbJWUuc/Jt27ci9fTcMkT8V16IgAX3llUarKA+qJ6IlNUXBVwqXZ++YZQ\nTm5AevrR1Lf+tqHGhzsDgVN8AwKBgQDSi/g29+bSrUlfg0I1b+BdI0HhwzloSQ3s\nLSrKY7riaoN1IqBXm35r74Z6eQomCBCGtGS8viEB9FXsQJ5/ZEwYMjUfJHp6v/F9\nSrwT1QOPa0qcl/MRAGyH98ICDyieilY7lrdDBXMmFbBeUA4WyN2yQjVTneldLFrh\naDeDP8O77QKBgBbTOyywfINWb61+veMCQA9F8ksSW5zADB5TIRetPqXeJT/OtTFL\n/on3R6sXJ1gR86je2OQGHIqMoyzdln/9l3Wt6lEgcfPkf7mS9SpncLRa2j98KfRD\n4e6A9D1UTXRHmmbLd7k/W4Vf69DV8W+l56/am6jOs3Zrm9DVRDkdfNMxAoGBAKA2\nC/lf6A+V9sgsLBxXdkXJB1/QWwWk2WhG8lGxU8roPAHNCG/BjZB6Yj0dj4BjEJg/\n+ou4rYs8LomonjLX0iNzSQLakiyHlC2/yZ/Zrmzaupqv8TCVvwAzojhI6qLBJ18O\nj4L7SaTISj1p816ZGEGFqehnt+TDVKBC2kMQKVP9AoGAV1DYgyPXjNKrcV5TuLwg\np3skiOGsx09U3LcxKVRPbp3PC7gu2iV4jnvxvtz5XsvjOMJ4mRVULpm4PTlJeFPp\nH/Kuz1z+JIv81pWkzxYSwkh4VbYImDEE3NAb+c45D13eJ/1GNaAsoAjmW0KYsmHg\nVWx3alMV/BDsLUfXFbSmeek=\n-----END PRIVATE KEY-----\n","clientEmail":"firebase-adminsdk-f9x7w@insidesalesapi.iam.gserviceaccount.com","httpClient":{"retry":{"maxRetries":4,"statusCodes":[503],"ioErrorCodes":["ECONNRESET","ETIMEDOUT"],"backOffFactor":0.5,"maxDelayInMillis":60000}}}} {"metadata":{"emulator":{"name":"functions"},"function":{"name":"us-central1-sendText"},"extension":{},"message":"[runtime-status] [38725] initializeApp(DEFAULT) {\"credential\":{\"implicit\":false,\"projectId\":\"insidesalesapi\",\"privateKey\":\"-----BEGIN PRIVATE KEY-----\\nMIIEvQIBADANBgkqhkiG9w0BAQEFAASCBKcwggSjAgEAAoIBAQC7xgW/HdRVf1z5\\nfcfprdt2vntFlb115U64Mgoh5JhDW/DHq8GVZGTWv3pdyytBtnZXlKSxCP8B6oaV\\nB4828ekmIdy/hI6dddVlFFFQMydWLQuISOTVO8QEAmHj0FHm5/X6BfbDr8AyMBt8\\ntqGkwbihbD7URLB1lko9bSvpzPA6aTLcJzq3zqJzeiIuULhcJFAtAP5c8irhLe+F\\nxSrp79WzTzmV8Mb8oYBNbcRu+gls64daAS6CGYhw4W0i8G21u2RdzHnGNBddwyIK\\nN5DaBiAOC6NB9AN/4ePLzLwIx9yh7lOwQ4idLxqBDFOtsmoR69oARYoJnwW63IVh\\nWlvpKP/HAgMBAAECggEASedcZ6YT5jqkm0WYIy7cS9YYqoCO+xHvc6uuNTzFeO18\\nzPmazXOgBK2EOdo3AjwQQ9QrJcqGo3hs08cP5O49d1aojXBcuTihbpEal9gqSU6d\\nVVxrREmrknBlmsZpFdqCA4/JWaeYm6g3iVRQNopQYqg56k3GreEjAx4uxGx2uGX2\\ndkkwvwlx4g7kEuc05LoyV5JMney4+e+LlB+BINVTvkARGKr+NzX8uLFXnMwjAZn1\\nQvWVPQVx7YONtXlu42tXwZDxVs8BlAnu7TIbDtV1dW9DRsyAGTiIMPFLKX+fxwAc\\n1irBN1sITI5FlI4DWiUJXmvTFWJtMJvZinVWfdjRsQKBgQDkT3j2xAhGwepF9JEa\\nkwffugtK4zEKJTsDaLC3GtDsLrIWqPyP1NupVMWkDnk/0PJbXseJLpiQJMuLwF2t\\no8S9AZAPbJWUuc/Jt27ci9fTcMkT8V16IgAX3llUarKA+qJ6IlNUXBVwqXZ++YZQ\\nTm5AevrR1Lf+tqHGhzsDgVN8AwKBgQDSi/g29+bSrUlfg0I1b+BdI0HhwzloSQ3s\\nLSrKY7riaoN1IqBXm35r74Z6eQomCBCGtGS8viEB9FXsQJ5/ZEwYMjUfJHp6v/F9\\nSrwT1QOPa0qcl/MRAGyH98ICDyieilY7lrdDBXMmFbBeUA4WyN2yQjVTneldLFrh\\naDeDP8O77QKBgBbTOyywfINWb61+veMCQA9F8ksSW5zADB5TIRetPqXeJT/OtTFL\\n/on3R6sXJ1gR86je2OQGHIqMoyzdln/9l3Wt6lEgcfPkf7mS9SpncLRa2j98KfRD\\n4e6A9D1UTXRHmmbLd7k/W4Vf69DV8W+l56/am6jOs3Zrm9DVRDkdfNMxAoGBAKA2\\nC/lf6A+V9sgsLBxXdkXJB1/QWwWk2WhG8lGxU8roPAHNCG/BjZB6Yj0dj4BjEJg/\\n+ou4rYs8LomonjLX0iNzSQLakiyHlC2/yZ/Zrmzaupqv8TCVvwAzojhI6qLBJ18O\\nj4L7SaTISj1p816ZGEGFqehnt+TDVKBC2kMQKVP9AoGAV1DYgyPXjNKrcV5TuLwg\\np3skiOGsx09U3LcxKVRPbp3PC7gu2iV4jnvxvtz5XsvjOMJ4mRVULpm4PTlJeFPp\\nH/Kuz1z+JIv81pWkzxYSwkh4VbYImDEE3NAb+c45D13eJ/1GNaAsoAjmW0KYsmHg\\nVWx3alMV/BDsLUfXFbSmeek=\\n-----END PRIVATE KEY-----\\n\",\"clientEmail\":\"firebase-adminsdk-f9x7w@insidesalesapi.iam.gserviceaccount.com\",\"httpClient\":{\"retry\":{\"maxRetries\":4,\"statusCodes\":[503],\"ioErrorCodes\":[\"ECONNRESET\",\"ETIMEDOUT\"],\"backOffFactor\":0.5,\"maxDelayInMillis\":60000}}}}"}}
[debug] [2023-01-19T13:31:56.193Z] [runtime-status] [38725] Beginning invocation function sendText! {"metadata":{"emulator":{"name":"functions"},"function":{"name":"us-central1-sendText"},"extension":{},"message":"[runtime-status] [38725] Beginning invocation function sendText!"}}
[info] i  functions: Beginning execution of "sendText" {"metadata":{"emulator":{"name":"functions"},"function":{"name":"us-central1-sendText"},"extension":{},"message":"Beginning execution of \"sendText\""}}
[debug] [2023-01-19T13:31:56.193Z] [runtime-status] [38725] Running sendText in signature http {"metadata":{"emulator":{"name":"functions"},"function":{"name":"us-central1-sendText"},"extension":{},"message":"[runtime-status] [38725] Running sendText in signature http"}}
[debug] [2023-01-19T13:31:56.196Z] [runtime-status] [38725] Attempting to listen to socketPath: /var/folders/lq/55q0j4g50y71ygjzmvt3rtbw0000gn/T/fire_emu_38725.sock {"metadata":{"emulator":{"name":"functions"},"function":{"name":"us-central1-sendText"},"extension":{},"message":"[runtime-status] [38725] Attempting to listen to socketPath: /var/folders/lq/55q0j4g50y71ygjzmvt3rtbw0000gn/T/fire_emu_38725.sock"}}
[debug] [2023-01-19T13:31:56.200Z] [functions] Runtime ready! Sending request! {"metadata":{"emulator":{"name":"functions"},"message":"[functions] Runtime ready! Sending request!"}}
[debug] [2023-01-19T13:31:56.200Z] [functions] Got req.url=/insidesalesapi/us-central1/sendText, mapping to path=/ {"metadata":{"emulator":{"name":"functions"},"message":"[functions] Got req.url=/insidesalesapi/us-central1/sendText, mapping to path=/"}}
[debug] [2023-01-19T13:31:56.219Z] [runtime-status] [38725] Ephemeral server handling POST request {"metadata":{"emulator":{"name":"functions"},"function":{"name":"us-central1-sendText"},"extension":{},"message":"[runtime-status] [38725] Ephemeral server handling POST request"}}
[info] >  {"verifications":{"app":"MISSING","auth":"MISSING"},"logging.googleapis.com/labels":{"firebase-log-type":"callable-request-verification"},"severity":"INFO","message":"Callable request verification passed"} {"user":{"verifications":{"app":"MISSING","auth":"MISSING"},"logging.googleapis.com/labels":{"firebase-log-type":"callable-request-verification"},"severity":"INFO","message":"Callable request verification passed"},"metadata":{"emulator":{"name":"functions"},"function":{"name":"us-central1-sendText"},"extension":{},"message":"\u001b[90m> \u001b[39m {\"verifications\":{\"app\":\"MISSING\",\"auth\":\"MISSING\"},\"logging.googleapis.com/labels\":{\"firebase-log-type\":\"callable-request-verification\"},\"severity\":\"INFO\",\"message\":\"Callable request verification passed\"}"}}
[debug] [2023-01-19T13:31:56.224Z] [runtime-status] [38725] Callable functions auth override {"key":"x-callable-context-auth","value":"%7B%22uid%22%3A%22eckKB7Fi2pXCVvEP5DbN34wYy5m2%22%2C%22token%22%3A%7B%22iss%22%3A%22https%3A%2F%2Fsecuretoken.google.com%2Finsidesalesapi%22%2C%22aud%22%3A%22insidesalesapi%22%2C%22auth_time%22%3A1674134859%2C%22user_id%22%3A%22eckKB7Fi2pXCVvEP5DbN34wYy5m2%22%2C%22sub%22%3A%22eckKB7Fi2pXCVvEP5DbN34wYy5m2%22%2C%22iat%22%3A1674134859%2C%22exp%22%3A1674138459%2C%22email%22%3A%22testuserone%40test.com%22%2C%22email_verified%22%3Afalse%2C%22firebase%22%3A%7B%22identities%22%3A%7B%22email%22%3A%5B%22testuserone%40test.com%22%5D%7D%2C%22sign_in_provider%22%3A%22password%22%7D%2C%22uid%22%3A%22eckKB7Fi2pXCVvEP5DbN34wYy5m2%22%7D%7D"} {"metadata":{"emulator":{"name":"functions"},"function":{"name":"us-central1-sendText"},"extension":{},"message":"[runtime-status] [38725] Callable functions auth override {\"key\":\"x-callable-context-auth\",\"value\":\"%7B%22uid%22%3A%22eckKB7Fi2pXCVvEP5DbN34wYy5m2%22%2C%22token%22%3A%7B%22iss%22%3A%22https%3A%2F%2Fsecuretoken.google.com%2Finsidesalesapi%22%2C%22aud%22%3A%22insidesalesapi%22%2C%22auth_time%22%3A1674134859%2C%22user_id%22%3A%22eckKB7Fi2pXCVvEP5DbN34wYy5m2%22%2C%22sub%22%3A%22eckKB7Fi2pXCVvEP5DbN34wYy5m2%22%2C%22iat%22%3A1674134859%2C%22exp%22%3A1674138459%2C%22email%22%3A%22testuserone%40test.com%22%2C%22email_verified%22%3Afalse%2C%22firebase%22%3A%7B%22identities%22%3A%7B%22email%22%3A%5B%22testuserone%40test.com%22%5D%7D%2C%22sign_in_provider%22%3A%22password%22%7D%2C%22uid%22%3A%22eckKB7Fi2pXCVvEP5DbN34wYy5m2%22%7D%7D\"}"}}
[info] >  File created successfully! {"user":"File created successfully!","metadata":{"emulator":{"name":"functions"},"function":{"name":"us-central1-sendText"},"extension":{},"message":"\u001b[90m> \u001b[39m File created successfully!"}}
[info] >  { {"user":"{","metadata":{"emulator":{"name":"functions"},"function":{"name":"us-central1-sendText"},"extension":{},"message":"\u001b[90m> \u001b[39m {"}}
[info] >    to: '+17348371063', {"user":"  to: '+17348371063',","metadata":{"emulator":{"name":"functions"},"function":{"name":"us-central1-sendText"},"extension":{},"message":"\u001b[90m> \u001b[39m   to: '+17348371063',"}}
[info] >    message: 'this is the third test text message....', {"user":"  message: 'this is the third test text message....',","metadata":{"emulator":{"name":"functions"},"function":{"name":"us-central1-sendText"},"extension":{},"message":"\u001b[90m> \u001b[39m   message: 'this is the third test text message....',"}}
[info] >    customerUid: '0IFz5INX4LDy', {"user":"  customerUid: '0IFz5INX4LDy',","metadata":{"emulator":{"name":"functions"},"function":{"name":"us-central1-sendText"},"extension":{},"message":"\u001b[90m> \u001b[39m   customerUid: '0IFz5INX4LDy',"}}
[info] >    activeTemplate: 'Blackstone Template', {"user":"  activeTemplate: 'Blackstone Template',","metadata":{"emulator":{"name":"functions"},"function":{"name":"us-central1-sendText"},"extension":{},"message":"\u001b[90m> \u001b[39m   activeTemplate: 'Blackstone Template',"}}
[info] >    dbObj: 'First Tenant', {"user":"  dbObj: 'First Tenant',","metadata":{"emulator":{"name":"functions"},"function":{"name":"us-central1-sendText"},"extension":{},"message":"\u001b[90m> \u001b[39m   dbObj: 'First Tenant',"}}
[info] >    userInfo: { {"user":"  userInfo: {","metadata":{"emulator":{"name":"functions"},"function":{"name":"us-central1-sendText"},"extension":{},"message":"\u001b[90m> \u001b[39m   userInfo: {"}}
[info] >      username: 'ryanr1423@yahoo.com', {"user":"    username: 'ryanr1423@yahoo.com',","metadata":{"emulator":{"name":"functions"},"function":{"name":"us-central1-sendText"},"extension":{},"message":"\u001b[90m> \u001b[39m     username: 'ryanr1423@yahoo.com',"}}
[info] >      tenant: 'First Tenant', {"user":"    tenant: 'First Tenant',","metadata":{"emulator":{"name":"functions"},"function":{"name":"us-central1-sendText"},"extension":{},"message":"\u001b[90m> \u001b[39m     tenant: 'First Tenant',"}}
[info] >      name: 'Ryan Rieben', {"user":"    name: 'Ryan Rieben',","metadata":{"emulator":{"name":"functions"},"function":{"name":"us-central1-sendText"},"extension":{},"message":"\u001b[90m> \u001b[39m     name: 'Ryan Rieben',"}}
[info] >      activeGroup: [], {"user":"    activeGroup: [],","metadata":{"emulator":{"name":"functions"},"function":{"name":"us-central1-sendText"},"extension":{},"message":"\u001b[90m> \u001b[39m     activeGroup: [],"}}
[info] >      department: 'Inside Sales', {"user":"    department: 'Inside Sales',","metadata":{"emulator":{"name":"functions"},"function":{"name":"us-central1-sendText"},"extension":{},"message":"\u001b[90m> \u001b[39m     department: 'Inside Sales',"}}
[info] >      email: 'ryanr1423@yahoo.com', {"user":"    email: 'ryanr1423@yahoo.com',","metadata":{"emulator":{"name":"functions"},"function":{"name":"us-central1-sendText"},"extension":{},"message":"\u001b[90m> \u001b[39m     email: 'ryanr1423@yahoo.com',"}}
[info] >      admin: true, {"user":"    admin: true,","metadata":{"emulator":{"name":"functions"},"function":{"name":"us-central1-sendText"},"extension":{},"message":"\u001b[90m> \u001b[39m     admin: true,"}}
[info] >      activeTemplate: 'Blackstone Template', {"user":"    activeTemplate: 'Blackstone Template',","metadata":{"emulator":{"name":"functions"},"function":{"name":"us-central1-sendText"},"extension":{},"message":"\u001b[90m> \u001b[39m     activeTemplate: 'Blackstone Template',"}}
[info] >      uid: 'eckKB7Fi2pXCVvEP5DbN34wYy5m2', {"user":"    uid: 'eckKB7Fi2pXCVvEP5DbN34wYy5m2',","metadata":{"emulator":{"name":"functions"},"function":{"name":"us-central1-sendText"},"extension":{},"message":"\u001b[90m> \u001b[39m     uid: 'eckKB7Fi2pXCVvEP5DbN34wYy5m2',"}}
[info] >      role: [] {"user":"    role: []","metadata":{"emulator":{"name":"functions"},"function":{"name":"us-central1-sendText"},"extension":{},"message":"\u001b[90m> \u001b[39m     role: []"}}
[info] >    } {"user":"  }","metadata":{"emulator":{"name":"functions"},"function":{"name":"us-central1-sendText"},"extension":{},"message":"\u001b[90m> \u001b[39m   }"}}
[info] >  } {"user":"}","metadata":{"emulator":{"name":"functions"},"function":{"name":"us-central1-sendText"},"extension":{},"message":"\u001b[90m> \u001b[39m }"}}
[debug] [2023-01-19T13:31:56.658Z] [runtime-status] [38725] Ephemeral server survived. {"metadata":{"emulator":{"name":"functions"},"function":{"name":"us-central1-sendText"},"extension":{},"message":"[runtime-status] [38725] Ephemeral server survived."}}
[info] i  functions: Finished "sendText" in ~1s {"metadata":{"emulator":{"name":"functions"},"function":{"name":"us-central1-sendText"},"extension":{},"message":"Finished \"sendText\" in ~1s"}}
[debug] [2023-01-19T13:31:56.675Z] [worker-us-central1-sendText-feaa56ab-2bdd-4582-ab50-5b8e29d6fa5d]: IDLE {"metadata":{"emulator":{"name":"functions"},"message":"[worker-us-central1-sendText-feaa56ab-2bdd-4582-ab50-5b8e29d6fa5d]: IDLE"}}
[debug] [2023-01-19T13:31:56.675Z] [work-queue] {"queueLength":0,"workRunningCount":0}
[debug] [2023-01-19T13:31:56.693Z] Jan 19, 2023 8:31:56 AM io.gapi.emulators.netty.HttpVersionRoutingHandler channelRead
INFO: Detected HTTP/2 connection.
 {"metadata":{"emulator":{"name":"firestore"},"message":"Jan 19, 2023 8:31:56 AM io.gapi.emulators.netty.HttpVersionRoutingHandler channelRead\nINFO: Detected HTTP/2 connection.\n"}}
[debug] [2023-01-19T13:31:57.314Z] Jan 19, 2023 8:31:57 AM io.gapi.emulators.netty.HttpVersionRoutingHandler channelRead
INFO: Detected non-HTTP/2 connection.
 {"metadata":{"emulator":{"name":"firestore"},"message":"Jan 19, 2023 8:31:57 AM io.gapi.emulators.netty.HttpVersionRoutingHandler channelRead\nINFO: Detected non-HTTP/2 connection.\n"}}
[debug] [2023-01-19T13:31:57.525Z] Jan 19, 2023 8:31:57 AM com.google.cloud.datastore.emulator.impl.util.WrappedStreamObserver onError
INFO: operation failed: no entity to update: app: "dev~insidesalesapi"
path <
  Element {
    type: "Tenant"
    name: "First Tenant"
  }
  Element {
    type: "templates"
    name: "Blackstone Template"
  }
  Element {
    type: "customers"
    name: "0IFz5INX4LDy"
  }
>

com.google.cloud.datastore.core.exception.DatastoreException: no entity to update: app: "dev~insidesalesapi"
path <
  Element {
    type: "Tenant"
    name: "First Tenant"
  }
  Element {
    type: "templates"
    name: "Blackstone Template"
  }
  Element {
    type: "customers"
    name: "0IFz5INX4LDy"
  }
>

	at com.google.cloud.datastore.core.exception.DatastoreException.withProblem(DatastoreException.java:176)
	at com.google.cloud.datastore.emulator.impl.util.FirestoreEmulatorConverters.checkMutation(FirestoreEmulatorConverters.java:170)
	at com.google.cloud.datastore.emulator.impl.CloudFirestoreV1.commitHelper(CloudFirestoreV1.java:955)
	at com.google.cloud.datastore.emulator.impl.CloudFirestoreV1.internalCommit(CloudFirestoreV1.java:856)
	at com.google.cloud.datastore.emulator.impl.CloudFirestoreV1.commit(CloudFirestoreV1.java:435)
	at com.google.cloud.datastore.emulator.impl.CloudFirestoreV1Router.commit(CloudFirestoreV1Router.java:138)
	at com.google.cloud.datastore.emulator.firestore.v1.FirestoreV1GrpcAdapter$1.lambda$commit$8(FirestoreV1GrpcAdapter.java:158)
	at com.google.cloud.datastore.emulator.firestore.v1.FirestoreV1GrpcAdapter.unary(FirestoreV1GrpcAdapter.java:69)
	at com.google.cloud.datastore.emulator.firestore.v1.FirestoreV1GrpcAdapter.access$000(FirestoreV1GrpcAdapter.java:41)
	at com.google.cloud.datastore.emulator.firestore.v1.FirestoreV1GrpcAdapter$1.commit(FirestoreV1GrpcAdapter.java:158)
	at com.google.firestore.v1.FirestoreGrpc$MethodHandlers.invoke(FirestoreGrpc.java:1286)
	at io.grpc.stub.ServerCalls$UnaryServerCallHandler$UnaryServerCallListener.onHalfClose(ServerCalls.java:182)
	at io.grpc.PartialForwardingServerCallListener.onHalfClose(PartialForwardingServerCallListener.java:35)
	at io.grpc.ForwardingServerCallListener.onHalfClose(ForwardingServerCallListener.java:23)
	at io.grpc.ForwardingServerCallListener$SimpleForwardingServerCallListener.onHalfClose(ForwardingServerCallListener.java:40)
	at io.grpc.Contexts$ContextualizedServerCallListener.onHalfClose(Contexts.java:86)
	at io.grpc.PartialForwardingServerCallListener.onHalfClose(PartialForwardingServerCallListener.java:35)
	at io.grpc.ForwardingServerCallListener.onHalfClose(ForwardingServerCallListener.java:23)
	at io.grpc.ForwardingServerCallListener$SimpleForwardingServerCallListener.onHalfClose(ForwardingServerCallListener.java:40)
	at io.grpc.Contexts$ContextualizedServerCallListener.onHalfClose(Contexts.java:86)
	at io.grpc.internal.ServerCallImpl$ServerStreamListenerImpl.halfClosed(ServerCallImpl.java:340)
	at io.grpc.internal.ServerImpl$JumpToApplicationThreadServerStreamListener$1HalfClosed.runInContext(ServerImpl.java:866)
	at io.grpc.internal.ContextRunnable.run(ContextRunnable.java:37)
	at io.grpc.internal.SerializingExecutor.run(SerializingExecutor.java:133)
	at java.base/java.util.concurrent.ThreadPoolExecutor.runWorker(ThreadPoolExecutor.java:1128)
	at java.base/java.util.concurrent.ThreadPoolExecutor$Worker.run(ThreadPoolExecutor.java:628)
	at java.base/java.lang.Thread.run(Thread.java:835)

 {"metadata":{"emulator":{"name":"firestore"},"message":"Jan 19, 2023 8:31:57 AM com.google.cloud.datastore.emulator.impl.util.WrappedStreamObserver onError\nINFO: operation failed: no entity to update: app: \"dev~insidesalesapi\"\npath <\n  Element {\n    type: \"Tenant\"\n    name: \"First Tenant\"\n  }\n  Element {\n    type: \"templates\"\n    name: \"Blackstone Template\"\n  }\n  Element {\n    type: \"customers\"\n    name: \"0IFz5INX4LDy\"\n  }\n>\n\ncom.google.cloud.datastore.core.exception.DatastoreException: no entity to update: app: \"dev~insidesalesapi\"\npath <\n  Element {\n    type: \"Tenant\"\n    name: \"First Tenant\"\n  }\n  Element {\n    type: \"templates\"\n    name: \"Blackstone Template\"\n  }\n  Element {\n    type: \"customers\"\n    name: \"0IFz5INX4LDy\"\n  }\n>\n\n\tat com.google.cloud.datastore.core.exception.DatastoreException.withProblem(DatastoreException.java:176)\n\tat com.google.cloud.datastore.emulator.impl.util.FirestoreEmulatorConverters.checkMutation(FirestoreEmulatorConverters.java:170)\n\tat com.google.cloud.datastore.emulator.impl.CloudFirestoreV1.commitHelper(CloudFirestoreV1.java:955)\n\tat com.google.cloud.datastore.emulator.impl.CloudFirestoreV1.internalCommit(CloudFirestoreV1.java:856)\n\tat com.google.cloud.datastore.emulator.impl.CloudFirestoreV1.commit(CloudFirestoreV1.java:435)\n\tat com.google.cloud.datastore.emulator.impl.CloudFirestoreV1Router.commit(CloudFirestoreV1Router.java:138)\n\tat com.google.cloud.datastore.emulator.firestore.v1.FirestoreV1GrpcAdapter$1.lambda$commit$8(FirestoreV1GrpcAdapter.java:158)\n\tat com.google.cloud.datastore.emulator.firestore.v1.FirestoreV1GrpcAdapter.unary(FirestoreV1GrpcAdapter.java:69)\n\tat com.google.cloud.datastore.emulator.firestore.v1.FirestoreV1GrpcAdapter.access$000(FirestoreV1GrpcAdapter.java:41)\n\tat com.google.cloud.datastore.emulator.firestore.v1.FirestoreV1GrpcAdapter$1.commit(FirestoreV1GrpcAdapter.java:158)\n\tat com.google.firestore.v1.FirestoreGrpc$MethodHandlers.invoke(FirestoreGrpc.java:1286)\n\tat io.grpc.stub.ServerCalls$UnaryServerCallHandler$UnaryServerCallListener.onHalfClose(ServerCalls.java:182)\n\tat io.grpc.PartialForwardingServerCallListener.onHalfClose(PartialForwardingServerCallListener.java:35)\n\tat io.grpc.ForwardingServerCallListener.onHalfClose(ForwardingServerCallListener.java:23)\n\tat io.grpc.ForwardingServerCallListener$SimpleForwardingServerCallListener.onHalfClose(ForwardingServerCallListener.java:40)\n\tat io.grpc.Contexts$ContextualizedServerCallListener.onHalfClose(Contexts.java:86)\n\tat io.grpc.PartialForwardingServerCallListener.onHalfClose(PartialForwardingServerCallListener.java:35)\n\tat io.grpc.ForwardingServerCallListener.onHalfClose(ForwardingServerCallListener.java:23)\n\tat io.grpc.ForwardingServerCallListener$SimpleForwardingServerCallListener.onHalfClose(ForwardingServerCallListener.java:40)\n\tat io.grpc.Contexts$ContextualizedServerCallListener.onHalfClose(Contexts.java:86)\n\tat io.grpc.internal.ServerCallImpl$ServerStreamListenerImpl.halfClosed(ServerCallImpl.java:340)\n\tat io.grpc.internal.ServerImpl$JumpToApplicationThreadServerStreamListener$1HalfClosed.runInContext(ServerImpl.java:866)\n\tat io.grpc.internal.ContextRunnable.run(ContextRunnable.java:37)\n\tat io.grpc.internal.SerializingExecutor.run(SerializingExecutor.java:133)\n\tat java.base/java.util.concurrent.ThreadPoolExecutor.runWorker(ThreadPoolExecutor.java:1128)\n\tat java.base/java.util.concurrent.ThreadPoolExecutor$Worker.run(ThreadPoolExecutor.java:628)\n\tat java.base/java.lang.Thread.run(Thread.java:835)\n\n"}}
[info] >  Error: 5 NOT_FOUND: no entity to update: app: "dev~insidesalesapi" {"user":"Error: 5 NOT_FOUND: no entity to update: app: \"dev~insidesalesapi\"","metadata":{"emulator":{"name":"functions"},"function":{"name":"us-central1-sendText"},"extension":{},"message":"\u001b[90m> \u001b[39m Error: 5 NOT_FOUND: no entity to update: app: \"dev~insidesalesapi\""}}
[info] >  path < {"user":"path <","metadata":{"emulator":{"name":"functions"},"function":{"name":"us-central1-sendText"},"extension":{},"message":"\u001b[90m> \u001b[39m path <"}}
[info] >    Element { {"user":"  Element {","metadata":{"emulator":{"name":"functions"},"function":{"name":"us-central1-sendText"},"extension":{},"message":"\u001b[90m> \u001b[39m   Element {"}}
[info] >      type: "Tenant" {"user":"    type: \"Tenant\"","metadata":{"emulator":{"name":"functions"},"function":{"name":"us-central1-sendText"},"extension":{},"message":"\u001b[90m> \u001b[39m     type: \"Tenant\""}}
[info] >      name: "First Tenant" {"user":"    name: \"First Tenant\"","metadata":{"emulator":{"name":"functions"},"function":{"name":"us-central1-sendText"},"extension":{},"message":"\u001b[90m> \u001b[39m     name: \"First Tenant\""}}
[info] >    } {"user":"  }","metadata":{"emulator":{"name":"functions"},"function":{"name":"us-central1-sendText"},"extension":{},"message":"\u001b[90m> \u001b[39m   }"}}
[info] >    Element { {"user":"  Element {","metadata":{"emulator":{"name":"functions"},"function":{"name":"us-central1-sendText"},"extension":{},"message":"\u001b[90m> \u001b[39m   Element {"}}
[info] >      type: "templates" {"user":"    type: \"templates\"","metadata":{"emulator":{"name":"functions"},"function":{"name":"us-central1-sendText"},"extension":{},"message":"\u001b[90m> \u001b[39m     type: \"templates\""}}
[info] >      name: "Blackstone Template" {"user":"    name: \"Blackstone Template\"","metadata":{"emulator":{"name":"functions"},"function":{"name":"us-central1-sendText"},"extension":{},"message":"\u001b[90m> \u001b[39m     name: \"Blackstone Template\""}}
[info] >    } {"user":"  }","metadata":{"emulator":{"name":"functions"},"function":{"name":"us-central1-sendText"},"extension":{},"message":"\u001b[90m> \u001b[39m   }"}}
[info] >    Element { {"user":"  Element {","metadata":{"emulator":{"name":"functions"},"function":{"name":"us-central1-sendText"},"extension":{},"message":"\u001b[90m> \u001b[39m   Element {"}}
[info] >      type: "customers" {"user":"    type: \"customers\"","metadata":{"emulator":{"name":"functions"},"function":{"name":"us-central1-sendText"},"extension":{},"message":"\u001b[90m> \u001b[39m     type: \"customers\""}}
[info] >      name: "0IFz5INX4LDy" {"user":"    name: \"0IFz5INX4LDy\"","metadata":{"emulator":{"name":"functions"},"function":{"name":"us-central1-sendText"},"extension":{},"message":"\u001b[90m> \u001b[39m     name: \"0IFz5INX4LDy\""}}
[info] >    } {"user":"  }","metadata":{"emulator":{"name":"functions"},"function":{"name":"us-central1-sendText"},"extension":{},"message":"\u001b[90m> \u001b[39m   }"}}
[info] >  > {"user":">","metadata":{"emulator":{"name":"functions"},"function":{"name":"us-central1-sendText"},"extension":{},"message":"\u001b[90m> \u001b[39m >"}}
[info] >   {"user":"","metadata":{"emulator":{"name":"functions"},"function":{"name":"us-central1-sendText"},"extension":{},"message":"\u001b[90m> \u001b[39m "}}
[info] >      at Object.callErrorFromStatus (/Users/ryanrieben/Desktop/BMS-Inside-SalesApp-1/functions/node_modules/@grpc/grpc-js/build/src/call.js:31:26) {"user":"    at Object.callErrorFromStatus (/Users/ryanrieben/Desktop/BMS-Inside-SalesApp-1/functions/node_modules/@grpc/grpc-js/build/src/call.js:31:26)","metadata":{"emulator":{"name":"functions"},"function":{"name":"us-central1-sendText"},"extension":{},"message":"\u001b[90m> \u001b[39m     at Object.callErrorFromStatus (/Users/ryanrieben/Desktop/BMS-Inside-SalesApp-1/functions/node_modules/@grpc/grpc-js/build/src/call.js:31:26)"}}
[info] >      at Object.onReceiveStatus (/Users/ryanrieben/Desktop/BMS-Inside-SalesApp-1/functions/node_modules/@grpc/grpc-js/build/src/client.js:189:52) {"user":"    at Object.onReceiveStatus (/Users/ryanrieben/Desktop/BMS-Inside-SalesApp-1/functions/node_modules/@grpc/grpc-js/build/src/client.js:189:52)","metadata":{"emulator":{"name":"functions"},"function":{"name":"us-central1-sendText"},"extension":{},"message":"\u001b[90m> \u001b[39m     at Object.onReceiveStatus (/Users/ryanrieben/Desktop/BMS-Inside-SalesApp-1/functions/node_modules/@grpc/grpc-js/build/src/client.js:189:52)"}}
[info] >      at Object.onReceiveStatus (/Users/ryanrieben/Desktop/BMS-Inside-SalesApp-1/functions/node_modules/@grpc/grpc-js/build/src/client-interceptors.js:365:141) {"user":"    at Object.onReceiveStatus (/Users/ryanrieben/Desktop/BMS-Inside-SalesApp-1/functions/node_modules/@grpc/grpc-js/build/src/client-interceptors.js:365:141)","metadata":{"emulator":{"name":"functions"},"function":{"name":"us-central1-sendText"},"extension":{},"message":"\u001b[90m> \u001b[39m     at Object.onReceiveStatus (/Users/ryanrieben/Desktop/BMS-Inside-SalesApp-1/functions/node_modules/@grpc/grpc-js/build/src/client-interceptors.js:365:141)"}}
[info] >      at Object.onReceiveStatus (/Users/ryanrieben/Desktop/BMS-Inside-SalesApp-1/functions/node_modules/@grpc/grpc-js/build/src/client-interceptors.js:328:181) {"user":"    at Object.onReceiveStatus (/Users/ryanrieben/Desktop/BMS-Inside-SalesApp-1/functions/node_modules/@grpc/grpc-js/build/src/client-interceptors.js:328:181)","metadata":{"emulator":{"name":"functions"},"function":{"name":"us-central1-sendText"},"extension":{},"message":"\u001b[90m> \u001b[39m     at Object.onReceiveStatus (/Users/ryanrieben/Desktop/BMS-Inside-SalesApp-1/functions/node_modules/@grpc/grpc-js/build/src/client-interceptors.js:328:181)"}}
[info] >      at /Users/ryanrieben/Desktop/BMS-Inside-SalesApp-1/functions/node_modules/@grpc/grpc-js/build/src/call-stream.js:187:78 {"user":"    at /Users/ryanrieben/Desktop/BMS-Inside-SalesApp-1/functions/node_modules/@grpc/grpc-js/build/src/call-stream.js:187:78","metadata":{"emulator":{"name":"functions"},"function":{"name":"us-central1-sendText"},"extension":{},"message":"\u001b[90m> \u001b[39m     at /Users/ryanrieben/Desktop/BMS-Inside-SalesApp-1/functions/node_modules/@grpc/grpc-js/build/src/call-stream.js:187:78"}}
[info] >      at processTicksAndRejections (node:internal/process/task_queues:78:11) {"user":"    at processTicksAndRejections (node:internal/process/task_queues:78:11)","metadata":{"emulator":{"name":"functions"},"function":{"name":"us-central1-sendText"},"extension":{},"message":"\u001b[90m> \u001b[39m     at processTicksAndRejections (node:internal/process/task_queues:78:11)"}}
[info] >  Caused by: Error {"user":"Caused by: Error","metadata":{"emulator":{"name":"functions"},"function":{"name":"us-central1-sendText"},"extension":{},"message":"\u001b[90m> \u001b[39m Caused by: Error"}}
[info] >      at WriteBatch.commit (/Users/ryanrieben/Desktop/BMS-Inside-SalesApp-1/functions/node_modules/@google-cloud/firestore/build/src/write-batch.js:417:23) {"user":"    at WriteBatch.commit (/Users/ryanrieben/Desktop/BMS-Inside-SalesApp-1/functions/node_modules/@google-cloud/firestore/build/src/write-batch.js:417:23)","metadata":{"emulator":{"name":"functions"},"function":{"name":"us-central1-sendText"},"extension":{},"message":"\u001b[90m> \u001b[39m     at WriteBatch.commit (/Users/ryanrieben/Desktop/BMS-Inside-SalesApp-1/functions/node_modules/@google-cloud/firestore/build/src/write-batch.js:417:23)"}}
[info] >      at DocumentReference.update (/Users/ryanrieben/Desktop/BMS-Inside-SalesApp-1/functions/node_modules/@google-cloud/firestore/build/src/reference.js:393:14) {"user":"    at DocumentReference.update (/Users/ryanrieben/Desktop/BMS-Inside-SalesApp-1/functions/node_modules/@google-cloud/firestore/build/src/reference.js:393:14)","metadata":{"emulator":{"name":"functions"},"function":{"name":"us-central1-sendText"},"extension":{},"message":"\u001b[90m> \u001b[39m     at DocumentReference.update (/Users/ryanrieben/Desktop/BMS-Inside-SalesApp-1/functions/node_modules/@google-cloud/firestore/build/src/reference.js:393:14)"}}
[info] >      at /Users/ryanrieben/Desktop/BMS-Inside-SalesApp-1/functions/index.js:71:155 {"user":"    at /Users/ryanrieben/Desktop/BMS-Inside-SalesApp-1/functions/index.js:71:155","metadata":{"emulator":{"name":"functions"},"function":{"name":"us-central1-sendText"},"extension":{},"message":"\u001b[90m> \u001b[39m     at /Users/ryanrieben/Desktop/BMS-Inside-SalesApp-1/functions/index.js:71:155"}}
[info] >      at newHandler (/usr/local/lib/node_modules/firebase-tools/lib/emulator/functionsEmulatorRuntime.js:319:16) {"user":"    at newHandler (/usr/local/lib/node_modules/firebase-tools/lib/emulator/functionsEmulatorRuntime.js:319:16)","metadata":{"emulator":{"name":"functions"},"function":{"name":"us-central1-sendText"},"extension":{},"message":"\u001b[90m> \u001b[39m     at newHandler (/usr/local/lib/node_modules/firebase-tools/lib/emulator/functionsEmulatorRuntime.js:319:16)"}}
[info] >      at fixedLen (/Users/ryanrieben/Desktop/BMS-Inside-SalesApp-1/functions/node_modules/firebase-functions/lib/providers/https.js:72:41) {"user":"    at fixedLen (/Users/ryanrieben/Desktop/BMS-Inside-SalesApp-1/functions/node_modules/firebase-functions/lib/providers/https.js:72:41)","metadata":{"emulator":{"name":"functions"},"function":{"name":"us-central1-sendText"},"extension":{},"message":"\u001b[90m> \u001b[39m     at fixedLen (/Users/ryanrieben/Desktop/BMS-Inside-SalesApp-1/functions/node_modules/firebase-functions/lib/providers/https.js:72:41)"}}
[info] >      at /Users/ryanrieben/Desktop/BMS-Inside-SalesApp-1/functions/node_modules/firebase-functions/lib/common/providers/https.js:407:32 {"user":"    at /Users/ryanrieben/Desktop/BMS-Inside-SalesApp-1/functions/node_modules/firebase-functions/lib/common/providers/https.js:407:32","metadata":{"emulator":{"name":"functions"},"function":{"name":"us-central1-sendText"},"extension":{},"message":"\u001b[90m> \u001b[39m     at /Users/ryanrieben/Desktop/BMS-Inside-SalesApp-1/functions/node_modules/firebase-functions/lib/common/providers/https.js:407:32"}}
[info] >      at processTicksAndRejections (node:internal/process/task_queues:96:5) {"user":"    at processTicksAndRejections (node:internal/process/task_queues:96:5)","metadata":{"emulator":{"name":"functions"},"function":{"name":"us-central1-sendText"},"extension":{},"message":"\u001b[90m> \u001b[39m     at processTicksAndRejections (node:internal/process/task_queues:96:5)"}}
[info] >      at async runFunction (/usr/local/lib/node_modules/firebase-tools/lib/emulator/functionsEmulatorRuntime.js:564:9) {"user":"    at async runFunction (/usr/local/lib/node_modules/firebase-tools/lib/emulator/functionsEmulatorRuntime.js:564:9)","metadata":{"emulator":{"name":"functions"},"function":{"name":"us-central1-sendText"},"extension":{},"message":"\u001b[90m> \u001b[39m     at async runFunction (/usr/local/lib/node_modules/firebase-tools/lib/emulator/functionsEmulatorRuntime.js:564:9)"}}
[info] >      at async runHTTPS (/usr/local/lib/node_modules/firebase-tools/lib/emulator/functionsEmulatorRuntime.js:590:5) {"user":"    at async runHTTPS (/usr/local/lib/node_modules/firebase-tools/lib/emulator/functionsEmulatorRuntime.js:590:5)","metadata":{"emulator":{"name":"functions"},"function":{"name":"us-central1-sendText"},"extension":{},"message":"\u001b[90m> \u001b[39m     at async runHTTPS (/usr/local/lib/node_modules/firebase-tools/lib/emulator/functionsEmulatorRuntime.js:590:5)"}}
[info] >      at async handler (/usr/local/lib/node_modules/firebase-tools/lib/emulator/functionsEmulatorRuntime.js:510:17) { {"user":"    at async handler (/usr/local/lib/node_modules/firebase-tools/lib/emulator/functionsEmulatorRuntime.js:510:17) {","metadata":{"emulator":{"name":"functions"},"function":{"name":"us-central1-sendText"},"extension":{},"message":"\u001b[90m> \u001b[39m     at async handler (/usr/local/lib/node_modules/firebase-tools/lib/emulator/functionsEmulatorRuntime.js:510:17) {"}}
[info] >    code: 5, {"user":"  code: 5,","metadata":{"emulator":{"name":"functions"},"function":{"name":"us-central1-sendText"},"extension":{},"message":"\u001b[90m> \u001b[39m   code: 5,"}}
[info] >    details: 'no entity to update: app: "dev~insidesalesapi"\n' + {"user":"  details: 'no entity to update: app: \"dev~insidesalesapi\"\\n' +","metadata":{"emulator":{"name":"functions"},"function":{"name":"us-central1-sendText"},"extension":{},"message":"\u001b[90m> \u001b[39m   details: 'no entity to update: app: \"dev~insidesalesapi\"\\n' +"}}
[info] >      'path <\n' + {"user":"    'path <\\n' +","metadata":{"emulator":{"name":"functions"},"function":{"name":"us-central1-sendText"},"extension":{},"message":"\u001b[90m> \u001b[39m     'path <\\n' +"}}
[info] >      '  Element {\n' + {"user":"    '  Element {\\n' +","metadata":{"emulator":{"name":"functions"},"function":{"name":"us-central1-sendText"},"extension":{},"message":"\u001b[90m> \u001b[39m     '  Element {\\n' +"}}
[info] >      '    type: "Tenant"\n' + {"user":"    '    type: \"Tenant\"\\n' +","metadata":{"emulator":{"name":"functions"},"function":{"name":"us-central1-sendText"},"extension":{},"message":"\u001b[90m> \u001b[39m     '    type: \"Tenant\"\\n' +"}}
[info] >      '    name: "First Tenant"\n' + {"user":"    '    name: \"First Tenant\"\\n' +","metadata":{"emulator":{"name":"functions"},"function":{"name":"us-central1-sendText"},"extension":{},"message":"\u001b[90m> \u001b[39m     '    name: \"First Tenant\"\\n' +"}}
[info] >      '  }\n' + {"user":"    '  }\\n' +","metadata":{"emulator":{"name":"functions"},"function":{"name":"us-central1-sendText"},"extension":{},"message":"\u001b[90m> \u001b[39m     '  }\\n' +"}}
[info] >      '  Element {\n' + {"user":"    '  Element {\\n' +","metadata":{"emulator":{"name":"functions"},"function":{"name":"us-central1-sendText"},"extension":{},"message":"\u001b[90m> \u001b[39m     '  Element {\\n' +"}}
[info] >      '    type: "templates"\n' + {"user":"    '    type: \"templates\"\\n' +","metadata":{"emulator":{"name":"functions"},"function":{"name":"us-central1-sendText"},"extension":{},"message":"\u001b[90m> \u001b[39m     '    type: \"templates\"\\n' +"}}
[info] >      '    name: "Blackstone Template"\n' + {"user":"    '    name: \"Blackstone Template\"\\n' +","metadata":{"emulator":{"name":"functions"},"function":{"name":"us-central1-sendText"},"extension":{},"message":"\u001b[90m> \u001b[39m     '    name: \"Blackstone Template\"\\n' +"}}
[info] >      '  }\n' + {"user":"    '  }\\n' +","metadata":{"emulator":{"name":"functions"},"function":{"name":"us-central1-sendText"},"extension":{},"message":"\u001b[90m> \u001b[39m     '  }\\n' +"}}
[info] >      '  Element {\n' + {"user":"    '  Element {\\n' +","metadata":{"emulator":{"name":"functions"},"function":{"name":"us-central1-sendText"},"extension":{},"message":"\u001b[90m> \u001b[39m     '  Element {\\n' +"}}
[info] >      '    type: "customers"\n' + {"user":"    '    type: \"customers\"\\n' +","metadata":{"emulator":{"name":"functions"},"function":{"name":"us-central1-sendText"},"extension":{},"message":"\u001b[90m> \u001b[39m     '    type: \"customers\"\\n' +"}}
[info] >      '    name: "0IFz5INX4LDy"\n' + {"user":"    '    name: \"0IFz5INX4LDy\"\\n' +","metadata":{"emulator":{"name":"functions"},"function":{"name":"us-central1-sendText"},"extension":{},"message":"\u001b[90m> \u001b[39m     '    name: \"0IFz5INX4LDy\"\\n' +"}}
[info] >      '  }\n' + {"user":"    '  }\\n' +","metadata":{"emulator":{"name":"functions"},"function":{"name":"us-central1-sendText"},"extension":{},"message":"\u001b[90m> \u001b[39m     '  }\\n' +"}}
[info] >      '>\n', {"user":"    '>\\n',","metadata":{"emulator":{"name":"functions"},"function":{"name":"us-central1-sendText"},"extension":{},"message":"\u001b[90m> \u001b[39m     '>\\n',"}}
[info] >    metadata: Metadata { {"user":"  metadata: Metadata {","metadata":{"emulator":{"name":"functions"},"function":{"name":"us-central1-sendText"},"extension":{},"message":"\u001b[90m> \u001b[39m   metadata: Metadata {"}}
[info] >      internalRepr: Map(1) { 'content-type' => [Array] }, {"user":"    internalRepr: Map(1) { 'content-type' => [Array] },","metadata":{"emulator":{"name":"functions"},"function":{"name":"us-central1-sendText"},"extension":{},"message":"\u001b[90m> \u001b[39m     internalRepr: Map(1) { 'content-type' => [Array] },"}}
[info] >      options: {} {"user":"    options: {}","metadata":{"emulator":{"name":"functions"},"function":{"name":"us-central1-sendText"},"extension":{},"message":"\u001b[90m> \u001b[39m     options: {}"}}
[info] >    }, {"user":"  },","metadata":{"emulator":{"name":"functions"},"function":{"name":"us-central1-sendText"},"extension":{},"message":"\u001b[90m> \u001b[39m   },"}}
[info] >    note: 'Exception occurred in retry method that was not classified as transient' {"user":"  note: 'Exception occurred in retry method that was not classified as transient'","metadata":{"emulator":{"name":"functions"},"function":{"name":"us-central1-sendText"},"extension":{},"message":"\u001b[90m> \u001b[39m   note: 'Exception occurred in retry method that was not classified as transient'"}}
[info] >  } {"user":"}","metadata":{"emulator":{"name":"functions"},"function":{"name":"us-central1-sendText"},"extension":{},"message":"\u001b[90m> \u001b[39m }"}}
[debug] [2023-01-19T13:31:59.342Z] Jan 19, 2023 8:31:59 AM io.gapi.emulators.netty.HttpVersionRoutingHandler channelRead
INFO: Detected non-HTTP/2 connection.
 {"metadata":{"emulator":{"name":"firestore"},"message":"Jan 19, 2023 8:31:59 AM io.gapi.emulators.netty.HttpVersionRoutingHandler channelRead\nINFO: Detected non-HTTP/2 connection.\n"}}
[debug] [2023-01-19T13:32:01.368Z] Jan 19, 2023 8:32:01 AM io.gapi.emulators.netty.HttpVersionRoutingHandler channelRead
INFO: Detected non-HTTP/2 connection.
 {"metadata":{"emulator":{"name":"firestore"},"message":"Jan 19, 2023 8:32:01 AM io.gapi.emulators.netty.HttpVersionRoutingHandler channelRead\nINFO: Detected non-HTTP/2 connection.\n"}}
[debug] [2023-01-19T13:32:03.394Z] Jan 19, 2023 8:32:03 AM io.gapi.emulators.netty.HttpVersionRoutingHandler channelRead
INFO: Detected non-HTTP/2 connection.
 {"metadata":{"emulator":{"name":"firestore"},"message":"Jan 19, 2023 8:32:03 AM io.gapi.emulators.netty.HttpVersionRoutingHandler channelRead\nINFO: Detected non-HTTP/2 connection.\n"}}
[debug] [2023-01-19T13:32:05.420Z] Jan 19, 2023 8:32:05 AM io.gapi.emulators.netty.HttpVersionRoutingHandler channelRead
INFO: Detected non-HTTP/2 connection.
 {"metadata":{"emulator":{"name":"firestore"},"message":"Jan 19, 2023 8:32:05 AM io.gapi.emulators.netty.HttpVersionRoutingHandler channelRead\nINFO: Detected non-HTTP/2 connection.\n"}}
[debug] [2023-01-19T13:32:07.439Z] Jan 19, 2023 8:32:07 AM io.gapi.emulators.netty.HttpVersionRoutingHandler channelRead
INFO: Detected non-HTTP/2 connection.
 {"metadata":{"emulator":{"name":"firestore"},"message":"Jan 19, 2023 8:32:07 AM io.gapi.emulators.netty.HttpVersionRoutingHandler channelRead\nINFO: Detected non-HTTP/2 connection.\n"}}
[debug] [2023-01-19T13:32:09.461Z] Jan 19, 2023 8:32:09 AM io.gapi.emulators.netty.HttpVersionRoutingHandler channelRead
INFO: Detected non-HTTP/2 connection.
 {"metadata":{"emulator":{"name":"firestore"},"message":"Jan 19, 2023 8:32:09 AM io.gapi.emulators.netty.HttpVersionRoutingHandler channelRead\nINFO: Detected non-HTTP/2 connection.\n"}}
[debug] [2023-01-19T13:32:11.487Z] Jan 19, 2023 8:32:11 AM io.gapi.emulators.netty.HttpVersionRoutingHandler channelRead
INFO: Detected non-HTTP/2 connection.
 {"metadata":{"emulator":{"name":"firestore"},"message":"Jan 19, 2023 8:32:11 AM io.gapi.emulators.netty.HttpVersionRoutingHandler channelRead\nINFO: Detected non-HTTP/2 connection.\n"}}
[debug] [2023-01-19T13:32:13.513Z] Jan 19, 2023 8:32:13 AM io.gapi.emulators.netty.HttpVersionRoutingHandler channelRead
INFO: Detected non-HTTP/2 connection.
 {"metadata":{"emulator":{"name":"firestore"},"message":"Jan 19, 2023 8:32:13 AM io.gapi.emulators.netty.HttpVersionRoutingHandler channelRead\nINFO: Detected non-HTTP/2 connection.\n"}}
[debug] [2023-01-19T13:32:15.537Z] Jan 19, 2023 8:32:15 AM io.gapi.emulators.netty.HttpVersionRoutingHandler channelRead
INFO: Detected non-HTTP/2 connection.
 {"metadata":{"emulator":{"name":"firestore"},"message":"Jan 19, 2023 8:32:15 AM io.gapi.emulators.netty.HttpVersionRoutingHandler channelRead\nINFO: Detected non-HTTP/2 connection.\n"}}
[debug] [2023-01-19T13:32:17.560Z] Jan 19, 2023 8:32:17 AM io.gapi.emulators.netty.HttpVersionRoutingHandler channelRead
INFO: Detected non-HTTP/2 connection.
 {"metadata":{"emulator":{"name":"firestore"},"message":"Jan 19, 2023 8:32:17 AM io.gapi.emulators.netty.HttpVersionRoutingHandler channelRead\nINFO: Detected non-HTTP/2 connection.\n"}}
[debug] [2023-01-19T13:32:19.585Z] Jan 19, 2023 8:32:19 AM io.gapi.emulators.netty.HttpVersionRoutingHandler channelRead
INFO: Detected non-HTTP/2 connection.
 {"metadata":{"emulator":{"name":"firestore"},"message":"Jan 19, 2023 8:32:19 AM io.gapi.emulators.netty.HttpVersionRoutingHandler channelRead\nINFO: Detected non-HTTP/2 connection.\n"}}
[debug] [2023-01-19T13:32:20.929Z] Jan 19, 2023 8:32:20 AM com.google.cloud.datastore.emulator.firestore.websocket.WebSocketChannelHandler channelClosed
INFO: Websocket client disconnected
 {"metadata":{"emulator":{"name":"firestore"},"message":"Jan 19, 2023 8:32:20 AM com.google.cloud.datastore.emulator.firestore.websocket.WebSocketChannelHandler channelClosed\nINFO: Websocket client disconnected\n"}}
[debug] [2023-01-19T13:32:21.443Z] Jan 19, 2023 8:32:21 AM com.google.cloud.datastore.emulator.firestore.websocket.WebSocketChannelHandler initChannel
INFO: Connected to new websocket client
 {"metadata":{"emulator":{"name":"firestore"},"message":"Jan 19, 2023 8:32:21 AM com.google.cloud.datastore.emulator.firestore.websocket.WebSocketChannelHandler initChannel\nINFO: Connected to new websocket client\n"}}
[debug] [2023-01-19T14:10:02.292Z] Jan 19, 2023 9:10:02 AM io.gapi.emulators.netty.HttpVersionRoutingHandler channelRead
INFO: Detected non-HTTP/2 connection.
 {"metadata":{"emulator":{"name":"firestore"},"message":"Jan 19, 2023 9:10:02 AM io.gapi.emulators.netty.HttpVersionRoutingHandler channelRead\nINFO: Detected non-HTTP/2 connection.\n"}}
[debug] [2023-01-19T14:10:04.803Z] Jan 19, 2023 9:10:04 AM io.gapi.emulators.netty.HttpVersionRoutingHandler channelRead
INFO: Detected non-HTTP/2 connection.
 {"metadata":{"emulator":{"name":"firestore"},"message":"Jan 19, 2023 9:10:04 AM io.gapi.emulators.netty.HttpVersionRoutingHandler channelRead\nINFO: Detected non-HTTP/2 connection.\n"}}
[debug] [2023-01-19T14:10:06.824Z] Jan 19, 2023 9:10:06 AM io.gapi.emulators.netty.HttpVersionRoutingHandler channelRead
INFO: Detected non-HTTP/2 connection.
 {"metadata":{"emulator":{"name":"firestore"},"message":"Jan 19, 2023 9:10:06 AM io.gapi.emulators.netty.HttpVersionRoutingHandler channelRead\nINFO: Detected non-HTTP/2 connection.\n"}}
[debug] [2023-01-19T14:10:08.837Z] Jan 19, 2023 9:10:08 AM io.gapi.emulators.netty.HttpVersionRoutingHandler channelRead
INFO: Detected non-HTTP/2 connection.
 {"metadata":{"emulator":{"name":"firestore"},"message":"Jan 19, 2023 9:10:08 AM io.gapi.emulators.netty.HttpVersionRoutingHandler channelRead\nINFO: Detected non-HTTP/2 connection.\n"}}
[debug] [2023-01-19T14:10:35.813Z] Jan 19, 2023 9:10:35 AM com.google.cloud.datastore.emulator.firestore.websocket.WebSocketChannelHandler channelClosed
INFO: Websocket client disconnected
 {"metadata":{"emulator":{"name":"firestore"},"message":"Jan 19, 2023 9:10:35 AM com.google.cloud.datastore.emulator.firestore.websocket.WebSocketChannelHandler channelClosed\nINFO: Websocket client disconnected\n"}}
[debug] [2023-01-19T14:10:36.789Z] Jan 19, 2023 9:10:36 AM com.google.cloud.datastore.emulator.firestore.websocket.WebSocketChannelHandler initChannel
INFO: Connected to new websocket client
 {"metadata":{"emulator":{"name":"firestore"},"message":"Jan 19, 2023 9:10:36 AM com.google.cloud.datastore.emulator.firestore.websocket.WebSocketChannelHandler initChannel\nINFO: Connected to new websocket client\n"}}
[debug] [2023-01-19T14:13:13.718Z] Jan 19, 2023 9:13:13 AM io.gapi.emulators.netty.HttpVersionRoutingHandler channelRead
INFO: Detected non-HTTP/2 connection.
 {"metadata":{"emulator":{"name":"firestore"},"message":"Jan 19, 2023 9:13:13 AM io.gapi.emulators.netty.HttpVersionRoutingHandler channelRead\nINFO: Detected non-HTTP/2 connection.\n"}}
[debug] [2023-01-19T14:13:15.729Z] Jan 19, 2023 9:13:15 AM io.gapi.emulators.netty.HttpVersionRoutingHandler channelRead
INFO: Detected non-HTTP/2 connection.
 {"metadata":{"emulator":{"name":"firestore"},"message":"Jan 19, 2023 9:13:15 AM io.gapi.emulators.netty.HttpVersionRoutingHandler channelRead\nINFO: Detected non-HTTP/2 connection.\n"}}
[debug] [2023-01-19T14:13:15.895Z] Jan 19, 2023 9:13:15 AM com.google.cloud.datastore.emulator.firestore.websocket.WebSocketChannelHandler channelClosed
INFO: Websocket client disconnected
 {"metadata":{"emulator":{"name":"firestore"},"message":"Jan 19, 2023 9:13:15 AM com.google.cloud.datastore.emulator.firestore.websocket.WebSocketChannelHandler channelClosed\nINFO: Websocket client disconnected\n"}}
